[2024-12-02T05:31:26.754+0000] {processor.py:161} INFO - Started process (PID=61) to work on /home/airflow/.local/lib/python3.8/site-packages/airflow/example_dags/example_branch_labels.py
[2024-12-02T05:31:26.757+0000] {processor.py:830} INFO - Processing file /home/airflow/.local/lib/python3.8/site-packages/airflow/example_dags/example_branch_labels.py for tasks to queue
[2024-12-02T05:31:26.761+0000] {logging_mixin.py:188} INFO - [2024-12-02T05:31:26.761+0000] {dagbag.py:538} INFO - Filling up the DagBag from /home/airflow/.local/lib/python3.8/site-packages/airflow/example_dags/example_branch_labels.py
[2024-12-02T05:31:26.773+0000] {processor.py:840} INFO - DAG(s) 'example_branch_labels' retrieved from /home/airflow/.local/lib/python3.8/site-packages/airflow/example_dags/example_branch_labels.py
[2024-12-02T05:31:26.906+0000] {logging_mixin.py:188} INFO - [2024-12-02T05:31:26.906+0000] {override.py:1769} INFO - Created Permission View: can read on DAG:example_branch_labels
[2024-12-02T05:31:26.917+0000] {logging_mixin.py:188} INFO - [2024-12-02T05:31:26.917+0000] {override.py:1769} INFO - Created Permission View: can delete on DAG:example_branch_labels
[2024-12-02T05:31:26.926+0000] {logging_mixin.py:188} INFO - [2024-12-02T05:31:26.925+0000] {override.py:1769} INFO - Created Permission View: can edit on DAG:example_branch_labels
[2024-12-02T05:31:26.926+0000] {logging_mixin.py:188} INFO - [2024-12-02T05:31:26.926+0000] {dag.py:3033} INFO - Sync 1 DAGs
[2024-12-02T05:31:26.938+0000] {logging_mixin.py:188} INFO - [2024-12-02T05:31:26.938+0000] {dag.py:3055} INFO - Creating ORM DAG for example_branch_labels
[2024-12-02T05:31:26.954+0000] {logging_mixin.py:188} INFO - [2024-12-02T05:31:26.953+0000] {dag.py:3820} INFO - Setting next_dagrun for example_branch_labels to 2024-12-01T00:00:00+00:00, run_after=2024-12-02T00:00:00+00:00
[2024-12-02T05:31:26.972+0000] {processor.py:183} INFO - Processing /home/airflow/.local/lib/python3.8/site-packages/airflow/example_dags/example_branch_labels.py took 0.225 seconds
[2024-12-02T05:31:57.766+0000] {processor.py:161} INFO - Started process (PID=118) to work on /home/airflow/.local/lib/python3.8/site-packages/airflow/example_dags/example_branch_labels.py
[2024-12-02T05:31:57.767+0000] {processor.py:830} INFO - Processing file /home/airflow/.local/lib/python3.8/site-packages/airflow/example_dags/example_branch_labels.py for tasks to queue
[2024-12-02T05:31:57.770+0000] {logging_mixin.py:188} INFO - [2024-12-02T05:31:57.769+0000] {dagbag.py:538} INFO - Filling up the DagBag from /home/airflow/.local/lib/python3.8/site-packages/airflow/example_dags/example_branch_labels.py
[2024-12-02T05:31:57.775+0000] {processor.py:840} INFO - DAG(s) 'example_branch_labels' retrieved from /home/airflow/.local/lib/python3.8/site-packages/airflow/example_dags/example_branch_labels.py
[2024-12-02T05:31:57.795+0000] {logging_mixin.py:188} INFO - [2024-12-02T05:31:57.794+0000] {dag.py:3033} INFO - Sync 1 DAGs
[2024-12-02T05:31:57.815+0000] {logging_mixin.py:188} INFO - [2024-12-02T05:31:57.815+0000] {dag.py:3820} INFO - Setting next_dagrun for example_branch_labels to 2024-12-01T00:00:00+00:00, run_after=2024-12-02T00:00:00+00:00
[2024-12-02T05:31:57.835+0000] {processor.py:183} INFO - Processing /home/airflow/.local/lib/python3.8/site-packages/airflow/example_dags/example_branch_labels.py took 0.072 seconds
[2024-12-02T05:32:28.005+0000] {processor.py:161} INFO - Started process (PID=175) to work on /home/airflow/.local/lib/python3.8/site-packages/airflow/example_dags/example_branch_labels.py
[2024-12-02T05:32:28.006+0000] {processor.py:830} INFO - Processing file /home/airflow/.local/lib/python3.8/site-packages/airflow/example_dags/example_branch_labels.py for tasks to queue
[2024-12-02T05:32:28.009+0000] {logging_mixin.py:188} INFO - [2024-12-02T05:32:28.008+0000] {dagbag.py:538} INFO - Filling up the DagBag from /home/airflow/.local/lib/python3.8/site-packages/airflow/example_dags/example_branch_labels.py
[2024-12-02T05:32:28.016+0000] {processor.py:840} INFO - DAG(s) 'example_branch_labels' retrieved from /home/airflow/.local/lib/python3.8/site-packages/airflow/example_dags/example_branch_labels.py
[2024-12-02T05:32:28.037+0000] {logging_mixin.py:188} INFO - [2024-12-02T05:32:28.036+0000] {dag.py:3033} INFO - Sync 1 DAGs
[2024-12-02T05:32:28.059+0000] {logging_mixin.py:188} INFO - [2024-12-02T05:32:28.058+0000] {dag.py:3820} INFO - Setting next_dagrun for example_branch_labels to 2024-12-01T00:00:00+00:00, run_after=2024-12-02T00:00:00+00:00
[2024-12-02T05:32:28.078+0000] {processor.py:183} INFO - Processing /home/airflow/.local/lib/python3.8/site-packages/airflow/example_dags/example_branch_labels.py took 0.076 seconds
