[2024-12-02T05:31:29.833+0000] {processor.py:161} INFO - Started process (PID=87) to work on /home/airflow/.local/lib/python3.8/site-packages/airflow/example_dags/example_params_trigger_ui.py
[2024-12-02T05:31:29.834+0000] {processor.py:830} INFO - Processing file /home/airflow/.local/lib/python3.8/site-packages/airflow/example_dags/example_params_trigger_ui.py for tasks to queue
[2024-12-02T05:31:29.836+0000] {logging_mixin.py:188} INFO - [2024-12-02T05:31:29.835+0000] {dagbag.py:538} INFO - Filling up the DagBag from /home/airflow/.local/lib/python3.8/site-packages/airflow/example_dags/example_params_trigger_ui.py
[2024-12-02T05:31:29.846+0000] {processor.py:840} INFO - DAG(s) 'example_params_trigger_ui' retrieved from /home/airflow/.local/lib/python3.8/site-packages/airflow/example_dags/example_params_trigger_ui.py
[2024-12-02T05:31:29.947+0000] {logging_mixin.py:188} INFO - [2024-12-02T05:31:29.946+0000] {override.py:1769} INFO - Created Permission View: can read on DAG:example_params_trigger_ui
[2024-12-02T05:31:29.955+0000] {logging_mixin.py:188} INFO - [2024-12-02T05:31:29.955+0000] {override.py:1769} INFO - Created Permission View: can delete on DAG:example_params_trigger_ui
[2024-12-02T05:31:29.962+0000] {logging_mixin.py:188} INFO - [2024-12-02T05:31:29.961+0000] {override.py:1769} INFO - Created Permission View: can edit on DAG:example_params_trigger_ui
[2024-12-02T05:31:29.962+0000] {logging_mixin.py:188} INFO - [2024-12-02T05:31:29.962+0000] {dag.py:3033} INFO - Sync 1 DAGs
[2024-12-02T05:31:29.974+0000] {logging_mixin.py:188} INFO - [2024-12-02T05:31:29.973+0000] {dag.py:3055} INFO - Creating ORM DAG for example_params_trigger_ui
[2024-12-02T05:31:29.975+0000] {logging_mixin.py:188} INFO - [2024-12-02T05:31:29.974+0000] {dag.py:3820} INFO - Setting next_dagrun for example_params_trigger_ui to None, run_after=None
[2024-12-02T05:31:29.990+0000] {processor.py:183} INFO - Processing /home/airflow/.local/lib/python3.8/site-packages/airflow/example_dags/example_params_trigger_ui.py took 0.159 seconds
[2024-12-02T05:32:00.131+0000] {processor.py:161} INFO - Started process (PID=144) to work on /home/airflow/.local/lib/python3.8/site-packages/airflow/example_dags/example_params_trigger_ui.py
[2024-12-02T05:32:00.132+0000] {processor.py:830} INFO - Processing file /home/airflow/.local/lib/python3.8/site-packages/airflow/example_dags/example_params_trigger_ui.py for tasks to queue
[2024-12-02T05:32:00.133+0000] {logging_mixin.py:188} INFO - [2024-12-02T05:32:00.133+0000] {dagbag.py:538} INFO - Filling up the DagBag from /home/airflow/.local/lib/python3.8/site-packages/airflow/example_dags/example_params_trigger_ui.py
[2024-12-02T05:32:00.143+0000] {processor.py:840} INFO - DAG(s) 'example_params_trigger_ui' retrieved from /home/airflow/.local/lib/python3.8/site-packages/airflow/example_dags/example_params_trigger_ui.py
[2024-12-02T05:32:00.186+0000] {logging_mixin.py:188} INFO - [2024-12-02T05:32:00.186+0000] {dag.py:3033} INFO - Sync 1 DAGs
[2024-12-02T05:32:00.197+0000] {logging_mixin.py:188} INFO - [2024-12-02T05:32:00.197+0000] {dag.py:3820} INFO - Setting next_dagrun for example_params_trigger_ui to None, run_after=None
[2024-12-02T05:32:00.217+0000] {processor.py:183} INFO - Processing /home/airflow/.local/lib/python3.8/site-packages/airflow/example_dags/example_params_trigger_ui.py took 0.089 seconds
[2024-12-02T05:32:30.602+0000] {processor.py:161} INFO - Started process (PID=201) to work on /home/airflow/.local/lib/python3.8/site-packages/airflow/example_dags/example_params_trigger_ui.py
[2024-12-02T05:32:30.604+0000] {processor.py:830} INFO - Processing file /home/airflow/.local/lib/python3.8/site-packages/airflow/example_dags/example_params_trigger_ui.py for tasks to queue
[2024-12-02T05:32:30.606+0000] {logging_mixin.py:188} INFO - [2024-12-02T05:32:30.606+0000] {dagbag.py:538} INFO - Filling up the DagBag from /home/airflow/.local/lib/python3.8/site-packages/airflow/example_dags/example_params_trigger_ui.py
[2024-12-02T05:32:30.618+0000] {processor.py:840} INFO - DAG(s) 'example_params_trigger_ui' retrieved from /home/airflow/.local/lib/python3.8/site-packages/airflow/example_dags/example_params_trigger_ui.py
[2024-12-02T05:32:30.665+0000] {logging_mixin.py:188} INFO - [2024-12-02T05:32:30.665+0000] {dag.py:3033} INFO - Sync 1 DAGs
[2024-12-02T05:32:30.678+0000] {logging_mixin.py:188} INFO - [2024-12-02T05:32:30.678+0000] {dag.py:3820} INFO - Setting next_dagrun for example_params_trigger_ui to None, run_after=None
[2024-12-02T05:32:30.698+0000] {processor.py:183} INFO - Processing /home/airflow/.local/lib/python3.8/site-packages/airflow/example_dags/example_params_trigger_ui.py took 0.100 seconds
