[2024-12-02T05:31:28.364+0000] {processor.py:161} INFO - Started process (PID=74) to work on /home/airflow/.local/lib/python3.8/site-packages/airflow/example_dags/example_datasets.py
[2024-12-02T05:31:28.365+0000] {processor.py:830} INFO - Processing file /home/airflow/.local/lib/python3.8/site-packages/airflow/example_dags/example_datasets.py for tasks to queue
[2024-12-02T05:31:28.369+0000] {logging_mixin.py:188} INFO - [2024-12-02T05:31:28.369+0000] {dagbag.py:538} INFO - Filling up the DagBag from /home/airflow/.local/lib/python3.8/site-packages/airflow/example_dags/example_datasets.py
[2024-12-02T05:31:28.378+0000] {processor.py:840} INFO - DAG(s) 'dataset_produces_1', 'dataset_produces_2', 'dataset_consumes_1_and_2', 'dataset_consumes_1_never_scheduled', 'dataset_consumes_unknown_never_scheduled', 'dataset_consumes_1' retrieved from /home/airflow/.local/lib/python3.8/site-packages/airflow/example_dags/example_datasets.py
[2024-12-02T05:31:28.493+0000] {logging_mixin.py:188} INFO - [2024-12-02T05:31:28.493+0000] {override.py:1769} INFO - Created Permission View: can read on DAG:dataset_produces_1
[2024-12-02T05:31:28.524+0000] {logging_mixin.py:188} INFO - [2024-12-02T05:31:28.523+0000] {override.py:1769} INFO - Created Permission View: can delete on DAG:dataset_produces_1
[2024-12-02T05:31:28.536+0000] {logging_mixin.py:188} INFO - [2024-12-02T05:31:28.536+0000] {override.py:1769} INFO - Created Permission View: can edit on DAG:dataset_produces_1
[2024-12-02T05:31:28.557+0000] {logging_mixin.py:188} INFO - [2024-12-02T05:31:28.557+0000] {override.py:1769} INFO - Created Permission View: can read on DAG:dataset_produces_2
[2024-12-02T05:31:28.569+0000] {logging_mixin.py:188} INFO - [2024-12-02T05:31:28.569+0000] {override.py:1769} INFO - Created Permission View: can delete on DAG:dataset_produces_2
[2024-12-02T05:31:28.580+0000] {logging_mixin.py:188} INFO - [2024-12-02T05:31:28.579+0000] {override.py:1769} INFO - Created Permission View: can edit on DAG:dataset_produces_2
[2024-12-02T05:31:28.599+0000] {logging_mixin.py:188} INFO - [2024-12-02T05:31:28.599+0000] {override.py:1769} INFO - Created Permission View: can read on DAG:dataset_consumes_1_and_2
[2024-12-02T05:31:28.608+0000] {logging_mixin.py:188} INFO - [2024-12-02T05:31:28.608+0000] {override.py:1769} INFO - Created Permission View: can delete on DAG:dataset_consumes_1_and_2
[2024-12-02T05:31:28.619+0000] {logging_mixin.py:188} INFO - [2024-12-02T05:31:28.618+0000] {override.py:1769} INFO - Created Permission View: can edit on DAG:dataset_consumes_1_and_2
[2024-12-02T05:31:28.636+0000] {logging_mixin.py:188} INFO - [2024-12-02T05:31:28.635+0000] {override.py:1769} INFO - Created Permission View: can read on DAG:dataset_consumes_1_never_scheduled
[2024-12-02T05:31:28.645+0000] {logging_mixin.py:188} INFO - [2024-12-02T05:31:28.645+0000] {override.py:1769} INFO - Created Permission View: can delete on DAG:dataset_consumes_1_never_scheduled
[2024-12-02T05:31:28.654+0000] {logging_mixin.py:188} INFO - [2024-12-02T05:31:28.654+0000] {override.py:1769} INFO - Created Permission View: can edit on DAG:dataset_consumes_1_never_scheduled
[2024-12-02T05:31:28.674+0000] {logging_mixin.py:188} INFO - [2024-12-02T05:31:28.673+0000] {override.py:1769} INFO - Created Permission View: can read on DAG:dataset_consumes_unknown_never_scheduled
[2024-12-02T05:31:28.692+0000] {logging_mixin.py:188} INFO - [2024-12-02T05:31:28.692+0000] {override.py:1769} INFO - Created Permission View: can delete on DAG:dataset_consumes_unknown_never_scheduled
[2024-12-02T05:31:28.701+0000] {logging_mixin.py:188} INFO - [2024-12-02T05:31:28.701+0000] {override.py:1769} INFO - Created Permission View: can edit on DAG:dataset_consumes_unknown_never_scheduled
[2024-12-02T05:31:28.720+0000] {logging_mixin.py:188} INFO - [2024-12-02T05:31:28.719+0000] {override.py:1769} INFO - Created Permission View: can read on DAG:dataset_consumes_1
[2024-12-02T05:31:28.731+0000] {logging_mixin.py:188} INFO - [2024-12-02T05:31:28.730+0000] {override.py:1769} INFO - Created Permission View: can delete on DAG:dataset_consumes_1
[2024-12-02T05:31:28.742+0000] {logging_mixin.py:188} INFO - [2024-12-02T05:31:28.741+0000] {override.py:1769} INFO - Created Permission View: can edit on DAG:dataset_consumes_1
[2024-12-02T05:31:28.742+0000] {logging_mixin.py:188} INFO - [2024-12-02T05:31:28.742+0000] {dag.py:3033} INFO - Sync 6 DAGs
[2024-12-02T05:31:28.775+0000] {logging_mixin.py:188} INFO - [2024-12-02T05:31:28.774+0000] {dag.py:3055} INFO - Creating ORM DAG for dataset_produces_1
[2024-12-02T05:31:28.776+0000] {logging_mixin.py:188} INFO - [2024-12-02T05:31:28.775+0000] {dag.py:3055} INFO - Creating ORM DAG for dataset_consumes_unknown_never_scheduled
[2024-12-02T05:31:28.777+0000] {logging_mixin.py:188} INFO - [2024-12-02T05:31:28.777+0000] {dag.py:3055} INFO - Creating ORM DAG for dataset_produces_2
[2024-12-02T05:31:28.778+0000] {logging_mixin.py:188} INFO - [2024-12-02T05:31:28.777+0000] {dag.py:3055} INFO - Creating ORM DAG for dataset_consumes_1_and_2
[2024-12-02T05:31:28.778+0000] {logging_mixin.py:188} INFO - [2024-12-02T05:31:28.778+0000] {dag.py:3055} INFO - Creating ORM DAG for dataset_consumes_1_never_scheduled
[2024-12-02T05:31:28.779+0000] {logging_mixin.py:188} INFO - [2024-12-02T05:31:28.779+0000] {dag.py:3055} INFO - Creating ORM DAG for dataset_consumes_1
[2024-12-02T05:31:28.792+0000] {logging_mixin.py:188} INFO - [2024-12-02T05:31:28.791+0000] {dag.py:3820} INFO - Setting next_dagrun for dataset_consumes_1 to None, run_after=None
[2024-12-02T05:31:28.793+0000] {logging_mixin.py:188} INFO - [2024-12-02T05:31:28.793+0000] {dag.py:3820} INFO - Setting next_dagrun for dataset_consumes_1_and_2 to None, run_after=None
[2024-12-02T05:31:28.795+0000] {logging_mixin.py:188} INFO - [2024-12-02T05:31:28.794+0000] {dag.py:3820} INFO - Setting next_dagrun for dataset_consumes_1_never_scheduled to None, run_after=None
[2024-12-02T05:31:28.795+0000] {logging_mixin.py:188} INFO - [2024-12-02T05:31:28.795+0000] {dag.py:3820} INFO - Setting next_dagrun for dataset_consumes_unknown_never_scheduled to None, run_after=None
[2024-12-02T05:31:28.800+0000] {logging_mixin.py:188} INFO - [2024-12-02T05:31:28.800+0000] {dag.py:3820} INFO - Setting next_dagrun for dataset_produces_1 to 2024-12-01T00:00:00+00:00, run_after=2024-12-02T00:00:00+00:00
[2024-12-02T05:31:28.801+0000] {logging_mixin.py:188} INFO - [2024-12-02T05:31:28.801+0000] {dag.py:3820} INFO - Setting next_dagrun for dataset_produces_2 to None, run_after=None
[2024-12-02T05:31:28.847+0000] {processor.py:183} INFO - Processing /home/airflow/.local/lib/python3.8/site-packages/airflow/example_dags/example_datasets.py took 0.485 seconds
[2024-12-02T05:31:59.565+0000] {processor.py:161} INFO - Started process (PID=131) to work on /home/airflow/.local/lib/python3.8/site-packages/airflow/example_dags/example_datasets.py
[2024-12-02T05:31:59.566+0000] {processor.py:830} INFO - Processing file /home/airflow/.local/lib/python3.8/site-packages/airflow/example_dags/example_datasets.py for tasks to queue
[2024-12-02T05:31:59.568+0000] {logging_mixin.py:188} INFO - [2024-12-02T05:31:59.567+0000] {dagbag.py:538} INFO - Filling up the DagBag from /home/airflow/.local/lib/python3.8/site-packages/airflow/example_dags/example_datasets.py
[2024-12-02T05:31:59.575+0000] {processor.py:840} INFO - DAG(s) 'dataset_consumes_1', 'dataset_consumes_1_never_scheduled', 'dataset_produces_2', 'dataset_consumes_unknown_never_scheduled', 'dataset_consumes_1_and_2', 'dataset_produces_1' retrieved from /home/airflow/.local/lib/python3.8/site-packages/airflow/example_dags/example_datasets.py
[2024-12-02T05:31:59.608+0000] {logging_mixin.py:188} INFO - [2024-12-02T05:31:59.608+0000] {dag.py:3033} INFO - Sync 6 DAGs
[2024-12-02T05:31:59.628+0000] {logging_mixin.py:188} INFO - [2024-12-02T05:31:59.627+0000] {dag.py:3820} INFO - Setting next_dagrun for dataset_consumes_1 to None, run_after=None
[2024-12-02T05:31:59.631+0000] {logging_mixin.py:188} INFO - [2024-12-02T05:31:59.631+0000] {dag.py:3820} INFO - Setting next_dagrun for dataset_consumes_1_and_2 to None, run_after=None
[2024-12-02T05:31:59.632+0000] {logging_mixin.py:188} INFO - [2024-12-02T05:31:59.632+0000] {dag.py:3820} INFO - Setting next_dagrun for dataset_consumes_1_never_scheduled to None, run_after=None
[2024-12-02T05:31:59.634+0000] {logging_mixin.py:188} INFO - [2024-12-02T05:31:59.634+0000] {dag.py:3820} INFO - Setting next_dagrun for dataset_consumes_unknown_never_scheduled to None, run_after=None
[2024-12-02T05:31:59.637+0000] {logging_mixin.py:188} INFO - [2024-12-02T05:31:59.637+0000] {dag.py:3820} INFO - Setting next_dagrun for dataset_produces_1 to 2024-12-01T00:00:00+00:00, run_after=2024-12-02T00:00:00+00:00
[2024-12-02T05:31:59.639+0000] {logging_mixin.py:188} INFO - [2024-12-02T05:31:59.639+0000] {dag.py:3820} INFO - Setting next_dagrun for dataset_produces_2 to None, run_after=None
[2024-12-02T05:31:59.668+0000] {processor.py:183} INFO - Processing /home/airflow/.local/lib/python3.8/site-packages/airflow/example_dags/example_datasets.py took 0.106 seconds
[2024-12-02T05:32:29.894+0000] {processor.py:161} INFO - Started process (PID=188) to work on /home/airflow/.local/lib/python3.8/site-packages/airflow/example_dags/example_datasets.py
[2024-12-02T05:32:29.895+0000] {processor.py:830} INFO - Processing file /home/airflow/.local/lib/python3.8/site-packages/airflow/example_dags/example_datasets.py for tasks to queue
[2024-12-02T05:32:29.897+0000] {logging_mixin.py:188} INFO - [2024-12-02T05:32:29.897+0000] {dagbag.py:538} INFO - Filling up the DagBag from /home/airflow/.local/lib/python3.8/site-packages/airflow/example_dags/example_datasets.py
[2024-12-02T05:32:29.905+0000] {processor.py:840} INFO - DAG(s) 'dataset_consumes_unknown_never_scheduled', 'dataset_consumes_1_and_2', 'dataset_consumes_1', 'dataset_consumes_1_never_scheduled', 'dataset_produces_2', 'dataset_produces_1' retrieved from /home/airflow/.local/lib/python3.8/site-packages/airflow/example_dags/example_datasets.py
[2024-12-02T05:32:29.938+0000] {logging_mixin.py:188} INFO - [2024-12-02T05:32:29.938+0000] {dag.py:3033} INFO - Sync 6 DAGs
[2024-12-02T05:32:29.961+0000] {logging_mixin.py:188} INFO - [2024-12-02T05:32:29.961+0000] {dag.py:3820} INFO - Setting next_dagrun for dataset_consumes_1 to None, run_after=None
[2024-12-02T05:32:29.965+0000] {logging_mixin.py:188} INFO - [2024-12-02T05:32:29.965+0000] {dag.py:3820} INFO - Setting next_dagrun for dataset_consumes_1_and_2 to None, run_after=None
[2024-12-02T05:32:29.969+0000] {logging_mixin.py:188} INFO - [2024-12-02T05:32:29.968+0000] {dag.py:3820} INFO - Setting next_dagrun for dataset_consumes_1_never_scheduled to None, run_after=None
[2024-12-02T05:32:29.971+0000] {logging_mixin.py:188} INFO - [2024-12-02T05:32:29.971+0000] {dag.py:3820} INFO - Setting next_dagrun for dataset_consumes_unknown_never_scheduled to None, run_after=None
[2024-12-02T05:32:29.974+0000] {logging_mixin.py:188} INFO - [2024-12-02T05:32:29.974+0000] {dag.py:3820} INFO - Setting next_dagrun for dataset_produces_1 to 2024-12-01T00:00:00+00:00, run_after=2024-12-02T00:00:00+00:00
[2024-12-02T05:32:29.976+0000] {logging_mixin.py:188} INFO - [2024-12-02T05:32:29.976+0000] {dag.py:3820} INFO - Setting next_dagrun for dataset_produces_2 to None, run_after=None
[2024-12-02T05:32:30.011+0000] {processor.py:183} INFO - Processing /home/airflow/.local/lib/python3.8/site-packages/airflow/example_dags/example_datasets.py took 0.120 seconds
