[2024-12-02T05:31:26.158+0000] {processor.py:161} INFO - Started process (PID=56) to work on /home/airflow/.local/lib/python3.8/site-packages/airflow/example_dags/example_xcomargs.py
[2024-12-02T05:31:26.159+0000] {processor.py:830} INFO - Processing file /home/airflow/.local/lib/python3.8/site-packages/airflow/example_dags/example_xcomargs.py for tasks to queue
[2024-12-02T05:31:26.165+0000] {logging_mixin.py:188} INFO - [2024-12-02T05:31:26.164+0000] {dagbag.py:538} INFO - Filling up the DagBag from /home/airflow/.local/lib/python3.8/site-packages/airflow/example_dags/example_xcomargs.py
[2024-12-02T05:31:26.172+0000] {processor.py:840} INFO - DAG(s) 'example_xcom_args', 'example_xcom_args_with_operators' retrieved from /home/airflow/.local/lib/python3.8/site-packages/airflow/example_dags/example_xcomargs.py
[2024-12-02T05:31:26.280+0000] {logging_mixin.py:188} INFO - [2024-12-02T05:31:26.279+0000] {override.py:1769} INFO - Created Permission View: can read on DAG:example_xcom_args
[2024-12-02T05:31:26.292+0000] {logging_mixin.py:188} INFO - [2024-12-02T05:31:26.292+0000] {override.py:1769} INFO - Created Permission View: can delete on DAG:example_xcom_args
[2024-12-02T05:31:26.300+0000] {logging_mixin.py:188} INFO - [2024-12-02T05:31:26.300+0000] {override.py:1769} INFO - Created Permission View: can edit on DAG:example_xcom_args
[2024-12-02T05:31:26.316+0000] {logging_mixin.py:188} INFO - [2024-12-02T05:31:26.316+0000] {override.py:1769} INFO - Created Permission View: can read on DAG:example_xcom_args_with_operators
[2024-12-02T05:31:26.326+0000] {logging_mixin.py:188} INFO - [2024-12-02T05:31:26.326+0000] {override.py:1769} INFO - Created Permission View: can delete on DAG:example_xcom_args_with_operators
[2024-12-02T05:31:26.335+0000] {logging_mixin.py:188} INFO - [2024-12-02T05:31:26.335+0000] {override.py:1769} INFO - Created Permission View: can edit on DAG:example_xcom_args_with_operators
[2024-12-02T05:31:26.336+0000] {logging_mixin.py:188} INFO - [2024-12-02T05:31:26.336+0000] {dag.py:3033} INFO - Sync 2 DAGs
[2024-12-02T05:31:26.347+0000] {logging_mixin.py:188} INFO - [2024-12-02T05:31:26.347+0000] {dag.py:3055} INFO - Creating ORM DAG for example_xcom_args_with_operators
[2024-12-02T05:31:26.348+0000] {logging_mixin.py:188} INFO - [2024-12-02T05:31:26.348+0000] {dag.py:3055} INFO - Creating ORM DAG for example_xcom_args
[2024-12-02T05:31:26.348+0000] {logging_mixin.py:188} INFO - [2024-12-02T05:31:26.348+0000] {dag.py:3820} INFO - Setting next_dagrun for example_xcom_args to None, run_after=None
[2024-12-02T05:31:26.349+0000] {logging_mixin.py:188} INFO - [2024-12-02T05:31:26.349+0000] {dag.py:3820} INFO - Setting next_dagrun for example_xcom_args_with_operators to None, run_after=None
[2024-12-02T05:31:26.372+0000] {processor.py:183} INFO - Processing /home/airflow/.local/lib/python3.8/site-packages/airflow/example_dags/example_xcomargs.py took 0.216 seconds
[2024-12-02T05:31:56.577+0000] {processor.py:161} INFO - Started process (PID=113) to work on /home/airflow/.local/lib/python3.8/site-packages/airflow/example_dags/example_xcomargs.py
[2024-12-02T05:31:56.578+0000] {processor.py:830} INFO - Processing file /home/airflow/.local/lib/python3.8/site-packages/airflow/example_dags/example_xcomargs.py for tasks to queue
[2024-12-02T05:31:56.580+0000] {logging_mixin.py:188} INFO - [2024-12-02T05:31:56.580+0000] {dagbag.py:538} INFO - Filling up the DagBag from /home/airflow/.local/lib/python3.8/site-packages/airflow/example_dags/example_xcomargs.py
[2024-12-02T05:31:56.587+0000] {processor.py:840} INFO - DAG(s) 'example_xcom_args', 'example_xcom_args_with_operators' retrieved from /home/airflow/.local/lib/python3.8/site-packages/airflow/example_dags/example_xcomargs.py
[2024-12-02T05:31:56.607+0000] {logging_mixin.py:188} INFO - [2024-12-02T05:31:56.607+0000] {dag.py:3033} INFO - Sync 2 DAGs
[2024-12-02T05:31:56.619+0000] {logging_mixin.py:188} INFO - [2024-12-02T05:31:56.618+0000] {dag.py:3820} INFO - Setting next_dagrun for example_xcom_args to None, run_after=None
[2024-12-02T05:31:56.622+0000] {logging_mixin.py:188} INFO - [2024-12-02T05:31:56.622+0000] {dag.py:3820} INFO - Setting next_dagrun for example_xcom_args_with_operators to None, run_after=None
[2024-12-02T05:31:56.638+0000] {processor.py:183} INFO - Processing /home/airflow/.local/lib/python3.8/site-packages/airflow/example_dags/example_xcomargs.py took 0.063 seconds
[2024-12-02T05:32:26.809+0000] {processor.py:161} INFO - Started process (PID=170) to work on /home/airflow/.local/lib/python3.8/site-packages/airflow/example_dags/example_xcomargs.py
[2024-12-02T05:32:26.810+0000] {processor.py:830} INFO - Processing file /home/airflow/.local/lib/python3.8/site-packages/airflow/example_dags/example_xcomargs.py for tasks to queue
[2024-12-02T05:32:26.812+0000] {logging_mixin.py:188} INFO - [2024-12-02T05:32:26.812+0000] {dagbag.py:538} INFO - Filling up the DagBag from /home/airflow/.local/lib/python3.8/site-packages/airflow/example_dags/example_xcomargs.py
[2024-12-02T05:32:26.819+0000] {processor.py:840} INFO - DAG(s) 'example_xcom_args_with_operators', 'example_xcom_args' retrieved from /home/airflow/.local/lib/python3.8/site-packages/airflow/example_dags/example_xcomargs.py
[2024-12-02T05:32:26.838+0000] {logging_mixin.py:188} INFO - [2024-12-02T05:32:26.838+0000] {dag.py:3033} INFO - Sync 2 DAGs
[2024-12-02T05:32:26.848+0000] {logging_mixin.py:188} INFO - [2024-12-02T05:32:26.847+0000] {dag.py:3820} INFO - Setting next_dagrun for example_xcom_args to None, run_after=None
[2024-12-02T05:32:26.851+0000] {logging_mixin.py:188} INFO - [2024-12-02T05:32:26.850+0000] {dag.py:3820} INFO - Setting next_dagrun for example_xcom_args_with_operators to None, run_after=None
[2024-12-02T05:32:26.865+0000] {processor.py:183} INFO - Processing /home/airflow/.local/lib/python3.8/site-packages/airflow/example_dags/example_xcomargs.py took 0.058 seconds
