[2024-12-02T05:31:28.142+0000] {processor.py:161} INFO - Started process (PID=72) to work on /home/airflow/.local/lib/python3.8/site-packages/airflow/example_dags/example_python_decorator.py
[2024-12-02T05:31:28.143+0000] {processor.py:830} INFO - Processing file /home/airflow/.local/lib/python3.8/site-packages/airflow/example_dags/example_python_decorator.py for tasks to queue
[2024-12-02T05:31:28.144+0000] {logging_mixin.py:188} INFO - [2024-12-02T05:31:28.144+0000] {dagbag.py:538} INFO - Filling up the DagBag from /home/airflow/.local/lib/python3.8/site-packages/airflow/example_dags/example_python_decorator.py
[2024-12-02T05:31:28.152+0000] {processor.py:840} INFO - DAG(s) 'example_python_decorator' retrieved from /home/airflow/.local/lib/python3.8/site-packages/airflow/example_dags/example_python_decorator.py
[2024-12-02T05:31:28.232+0000] {logging_mixin.py:188} INFO - [2024-12-02T05:31:28.231+0000] {override.py:1769} INFO - Created Permission View: can read on DAG:example_python_decorator
[2024-12-02T05:31:28.239+0000] {logging_mixin.py:188} INFO - [2024-12-02T05:31:28.239+0000] {override.py:1769} INFO - Created Permission View: can delete on DAG:example_python_decorator
[2024-12-02T05:31:28.245+0000] {logging_mixin.py:188} INFO - [2024-12-02T05:31:28.245+0000] {override.py:1769} INFO - Created Permission View: can edit on DAG:example_python_decorator
[2024-12-02T05:31:28.245+0000] {logging_mixin.py:188} INFO - [2024-12-02T05:31:28.245+0000] {dag.py:3033} INFO - Sync 1 DAGs
[2024-12-02T05:31:28.254+0000] {logging_mixin.py:188} INFO - [2024-12-02T05:31:28.254+0000] {dag.py:3055} INFO - Creating ORM DAG for example_python_decorator
[2024-12-02T05:31:28.255+0000] {logging_mixin.py:188} INFO - [2024-12-02T05:31:28.254+0000] {dag.py:3820} INFO - Setting next_dagrun for example_python_decorator to None, run_after=None
[2024-12-02T05:31:28.269+0000] {processor.py:183} INFO - Processing /home/airflow/.local/lib/python3.8/site-packages/airflow/example_dags/example_python_decorator.py took 0.129 seconds
[2024-12-02T05:31:58.449+0000] {processor.py:161} INFO - Started process (PID=129) to work on /home/airflow/.local/lib/python3.8/site-packages/airflow/example_dags/example_python_decorator.py
[2024-12-02T05:31:58.451+0000] {processor.py:830} INFO - Processing file /home/airflow/.local/lib/python3.8/site-packages/airflow/example_dags/example_python_decorator.py for tasks to queue
[2024-12-02T05:31:58.453+0000] {logging_mixin.py:188} INFO - [2024-12-02T05:31:58.453+0000] {dagbag.py:538} INFO - Filling up the DagBag from /home/airflow/.local/lib/python3.8/site-packages/airflow/example_dags/example_python_decorator.py
[2024-12-02T05:31:58.466+0000] {processor.py:840} INFO - DAG(s) 'example_python_decorator' retrieved from /home/airflow/.local/lib/python3.8/site-packages/airflow/example_dags/example_python_decorator.py
[2024-12-02T05:31:58.490+0000] {logging_mixin.py:188} INFO - [2024-12-02T05:31:58.490+0000] {dag.py:3033} INFO - Sync 1 DAGs
[2024-12-02T05:31:58.502+0000] {logging_mixin.py:188} INFO - [2024-12-02T05:31:58.502+0000] {dag.py:3820} INFO - Setting next_dagrun for example_python_decorator to None, run_after=None
[2024-12-02T05:31:58.524+0000] {processor.py:183} INFO - Processing /home/airflow/.local/lib/python3.8/site-packages/airflow/example_dags/example_python_decorator.py took 0.077 seconds
[2024-12-02T05:32:28.775+0000] {processor.py:161} INFO - Started process (PID=186) to work on /home/airflow/.local/lib/python3.8/site-packages/airflow/example_dags/example_python_decorator.py
[2024-12-02T05:32:28.776+0000] {processor.py:830} INFO - Processing file /home/airflow/.local/lib/python3.8/site-packages/airflow/example_dags/example_python_decorator.py for tasks to queue
[2024-12-02T05:32:28.778+0000] {logging_mixin.py:188} INFO - [2024-12-02T05:32:28.778+0000] {dagbag.py:538} INFO - Filling up the DagBag from /home/airflow/.local/lib/python3.8/site-packages/airflow/example_dags/example_python_decorator.py
[2024-12-02T05:32:28.789+0000] {processor.py:840} INFO - DAG(s) 'example_python_decorator' retrieved from /home/airflow/.local/lib/python3.8/site-packages/airflow/example_dags/example_python_decorator.py
[2024-12-02T05:32:28.814+0000] {logging_mixin.py:188} INFO - [2024-12-02T05:32:28.813+0000] {dag.py:3033} INFO - Sync 1 DAGs
[2024-12-02T05:32:28.826+0000] {logging_mixin.py:188} INFO - [2024-12-02T05:32:28.826+0000] {dag.py:3820} INFO - Setting next_dagrun for example_python_decorator to None, run_after=None
[2024-12-02T05:32:28.848+0000] {processor.py:183} INFO - Processing /home/airflow/.local/lib/python3.8/site-packages/airflow/example_dags/example_python_decorator.py took 0.076 seconds
