[2024-12-02T05:31:24.016+0000] {processor.py:161} INFO - Started process (PID=43) to work on /home/airflow/.local/lib/python3.8/site-packages/airflow/example_dags/example_subdag_operator.py
[2024-12-02T05:31:24.018+0000] {processor.py:830} INFO - Processing file /home/airflow/.local/lib/python3.8/site-packages/airflow/example_dags/example_subdag_operator.py for tasks to queue
[2024-12-02T05:31:24.020+0000] {logging_mixin.py:188} INFO - [2024-12-02T05:31:24.020+0000] {dagbag.py:538} INFO - Filling up the DagBag from /home/airflow/.local/lib/python3.8/site-packages/airflow/example_dags/example_subdag_operator.py
[2024-12-02T05:31:24.046+0000] {processor.py:840} INFO - DAG(s) 'example_subdag_operator.section-1', 'example_subdag_operator.section-2', 'example_subdag_operator' retrieved from /home/airflow/.local/lib/python3.8/site-packages/airflow/example_dags/example_subdag_operator.py
[2024-12-02T05:31:24.241+0000] {logging_mixin.py:188} INFO - [2024-12-02T05:31:24.240+0000] {override.py:1769} INFO - Created Permission View: can read on DAG:example_subdag_operator
[2024-12-02T05:31:24.251+0000] {logging_mixin.py:188} INFO - [2024-12-02T05:31:24.251+0000] {override.py:1769} INFO - Created Permission View: can delete on DAG:example_subdag_operator
[2024-12-02T05:31:24.257+0000] {logging_mixin.py:188} INFO - [2024-12-02T05:31:24.257+0000] {override.py:1769} INFO - Created Permission View: can edit on DAG:example_subdag_operator
[2024-12-02T05:31:24.258+0000] {logging_mixin.py:188} INFO - [2024-12-02T05:31:24.258+0000] {dag.py:3033} INFO - Sync 3 DAGs
[2024-12-02T05:31:24.267+0000] {logging_mixin.py:188} INFO - [2024-12-02T05:31:24.267+0000] {dag.py:3055} INFO - Creating ORM DAG for example_subdag_operator.section-1
[2024-12-02T05:31:24.268+0000] {logging_mixin.py:188} INFO - [2024-12-02T05:31:24.268+0000] {dag.py:3055} INFO - Creating ORM DAG for example_subdag_operator.section-2
[2024-12-02T05:31:24.271+0000] {logging_mixin.py:188} INFO - [2024-12-02T05:31:24.271+0000] {dag.py:3055} INFO - Creating ORM DAG for example_subdag_operator
[2024-12-02T05:31:24.279+0000] {logging_mixin.py:188} INFO - [2024-12-02T05:31:24.279+0000] {dag.py:3820} INFO - Setting next_dagrun for example_subdag_operator to 2022-01-01T00:00:00+00:00, run_after=2022-01-01T00:00:00+00:00
[2024-12-02T05:31:24.280+0000] {logging_mixin.py:188} INFO - [2024-12-02T05:31:24.280+0000] {dag.py:3820} INFO - Setting next_dagrun for example_subdag_operator.section-1 to None, run_after=None
[2024-12-02T05:31:24.280+0000] {logging_mixin.py:188} INFO - [2024-12-02T05:31:24.280+0000] {dag.py:3820} INFO - Setting next_dagrun for example_subdag_operator.section-2 to None, run_after=None
[2024-12-02T05:31:24.291+0000] {logging_mixin.py:188} INFO - [2024-12-02T05:31:24.290+0000] {dag.py:3033} INFO - Sync 2 DAGs
[2024-12-02T05:31:24.295+0000] {logging_mixin.py:188} INFO - [2024-12-02T05:31:24.295+0000] {dag.py:3820} INFO - Setting next_dagrun for example_subdag_operator.section-1 to None, run_after=None
[2024-12-02T05:31:24.298+0000] {logging_mixin.py:188} INFO - [2024-12-02T05:31:24.298+0000] {dag.py:3820} INFO - Setting next_dagrun for example_subdag_operator.section-2 to None, run_after=None
[2024-12-02T05:31:24.310+0000] {processor.py:183} INFO - Processing /home/airflow/.local/lib/python3.8/site-packages/airflow/example_dags/example_subdag_operator.py took 0.297 seconds
[2024-12-02T05:31:54.636+0000] {processor.py:161} INFO - Started process (PID=99) to work on /home/airflow/.local/lib/python3.8/site-packages/airflow/example_dags/example_subdag_operator.py
[2024-12-02T05:31:54.637+0000] {processor.py:830} INFO - Processing file /home/airflow/.local/lib/python3.8/site-packages/airflow/example_dags/example_subdag_operator.py for tasks to queue
[2024-12-02T05:31:54.639+0000] {logging_mixin.py:188} INFO - [2024-12-02T05:31:54.639+0000] {dagbag.py:538} INFO - Filling up the DagBag from /home/airflow/.local/lib/python3.8/site-packages/airflow/example_dags/example_subdag_operator.py
[2024-12-02T05:31:54.661+0000] {processor.py:840} INFO - DAG(s) 'example_subdag_operator.section-1', 'example_subdag_operator.section-2', 'example_subdag_operator' retrieved from /home/airflow/.local/lib/python3.8/site-packages/airflow/example_dags/example_subdag_operator.py
[2024-12-02T05:31:54.676+0000] {logging_mixin.py:188} INFO - [2024-12-02T05:31:54.676+0000] {dag.py:3033} INFO - Sync 3 DAGs
[2024-12-02T05:31:54.698+0000] {logging_mixin.py:188} INFO - [2024-12-02T05:31:54.697+0000] {dag.py:3820} INFO - Setting next_dagrun for example_subdag_operator to 2022-01-01T00:00:00+00:00, run_after=2022-01-01T00:00:00+00:00
[2024-12-02T05:31:54.701+0000] {logging_mixin.py:188} INFO - [2024-12-02T05:31:54.701+0000] {dag.py:3820} INFO - Setting next_dagrun for example_subdag_operator.section-1 to None, run_after=None
[2024-12-02T05:31:54.703+0000] {logging_mixin.py:188} INFO - [2024-12-02T05:31:54.703+0000] {dag.py:3820} INFO - Setting next_dagrun for example_subdag_operator.section-2 to None, run_after=None
[2024-12-02T05:31:54.709+0000] {logging_mixin.py:188} INFO - [2024-12-02T05:31:54.708+0000] {dag.py:3033} INFO - Sync 2 DAGs
[2024-12-02T05:31:54.714+0000] {logging_mixin.py:188} INFO - [2024-12-02T05:31:54.714+0000] {dag.py:3820} INFO - Setting next_dagrun for example_subdag_operator.section-1 to None, run_after=None
[2024-12-02T05:31:54.715+0000] {logging_mixin.py:188} INFO - [2024-12-02T05:31:54.715+0000] {dag.py:3820} INFO - Setting next_dagrun for example_subdag_operator.section-2 to None, run_after=None
[2024-12-02T05:31:54.726+0000] {processor.py:183} INFO - Processing /home/airflow/.local/lib/python3.8/site-packages/airflow/example_dags/example_subdag_operator.py took 0.092 seconds
[2024-12-02T05:32:24.883+0000] {processor.py:161} INFO - Started process (PID=156) to work on /home/airflow/.local/lib/python3.8/site-packages/airflow/example_dags/example_subdag_operator.py
[2024-12-02T05:32:24.884+0000] {processor.py:830} INFO - Processing file /home/airflow/.local/lib/python3.8/site-packages/airflow/example_dags/example_subdag_operator.py for tasks to queue
[2024-12-02T05:32:24.887+0000] {logging_mixin.py:188} INFO - [2024-12-02T05:32:24.886+0000] {dagbag.py:538} INFO - Filling up the DagBag from /home/airflow/.local/lib/python3.8/site-packages/airflow/example_dags/example_subdag_operator.py
[2024-12-02T05:32:24.909+0000] {processor.py:840} INFO - DAG(s) 'example_subdag_operator.section-1', 'example_subdag_operator.section-2', 'example_subdag_operator' retrieved from /home/airflow/.local/lib/python3.8/site-packages/airflow/example_dags/example_subdag_operator.py
[2024-12-02T05:32:24.926+0000] {logging_mixin.py:188} INFO - [2024-12-02T05:32:24.925+0000] {dag.py:3033} INFO - Sync 3 DAGs
[2024-12-02T05:32:24.944+0000] {logging_mixin.py:188} INFO - [2024-12-02T05:32:24.944+0000] {dag.py:3820} INFO - Setting next_dagrun for example_subdag_operator to 2022-01-01T00:00:00+00:00, run_after=2022-01-01T00:00:00+00:00
[2024-12-02T05:32:24.949+0000] {logging_mixin.py:188} INFO - [2024-12-02T05:32:24.948+0000] {dag.py:3820} INFO - Setting next_dagrun for example_subdag_operator.section-1 to None, run_after=None
[2024-12-02T05:32:24.951+0000] {logging_mixin.py:188} INFO - [2024-12-02T05:32:24.950+0000] {dag.py:3820} INFO - Setting next_dagrun for example_subdag_operator.section-2 to None, run_after=None
[2024-12-02T05:32:24.958+0000] {logging_mixin.py:188} INFO - [2024-12-02T05:32:24.957+0000] {dag.py:3033} INFO - Sync 2 DAGs
[2024-12-02T05:32:24.962+0000] {logging_mixin.py:188} INFO - [2024-12-02T05:32:24.962+0000] {dag.py:3820} INFO - Setting next_dagrun for example_subdag_operator.section-1 to None, run_after=None
[2024-12-02T05:32:24.963+0000] {logging_mixin.py:188} INFO - [2024-12-02T05:32:24.963+0000] {dag.py:3820} INFO - Setting next_dagrun for example_subdag_operator.section-2 to None, run_after=None
[2024-12-02T05:32:24.976+0000] {processor.py:183} INFO - Processing /home/airflow/.local/lib/python3.8/site-packages/airflow/example_dags/example_subdag_operator.py took 0.095 seconds
