[2024-12-02T05:31:29.805+0000] {processor.py:161} INFO - Started process (PID=86) to work on /home/airflow/.local/lib/python3.8/site-packages/airflow/example_dags/example_task_group.py
[2024-12-02T05:31:29.806+0000] {processor.py:830} INFO - Processing file /home/airflow/.local/lib/python3.8/site-packages/airflow/example_dags/example_task_group.py for tasks to queue
[2024-12-02T05:31:29.808+0000] {logging_mixin.py:188} INFO - [2024-12-02T05:31:29.808+0000] {dagbag.py:538} INFO - Filling up the DagBag from /home/airflow/.local/lib/python3.8/site-packages/airflow/example_dags/example_task_group.py
[2024-12-02T05:31:29.817+0000] {processor.py:840} INFO - DAG(s) 'example_task_group' retrieved from /home/airflow/.local/lib/python3.8/site-packages/airflow/example_dags/example_task_group.py
[2024-12-02T05:31:29.903+0000] {logging_mixin.py:188} INFO - [2024-12-02T05:31:29.902+0000] {override.py:1769} INFO - Created Permission View: can read on DAG:example_task_group
[2024-12-02T05:31:29.912+0000] {logging_mixin.py:188} INFO - [2024-12-02T05:31:29.912+0000] {override.py:1769} INFO - Created Permission View: can delete on DAG:example_task_group
[2024-12-02T05:31:29.918+0000] {logging_mixin.py:188} INFO - [2024-12-02T05:31:29.918+0000] {override.py:1769} INFO - Created Permission View: can edit on DAG:example_task_group
[2024-12-02T05:31:29.919+0000] {logging_mixin.py:188} INFO - [2024-12-02T05:31:29.919+0000] {dag.py:3033} INFO - Sync 1 DAGs
[2024-12-02T05:31:29.928+0000] {logging_mixin.py:188} INFO - [2024-12-02T05:31:29.927+0000] {dag.py:3055} INFO - Creating ORM DAG for example_task_group
[2024-12-02T05:31:29.936+0000] {logging_mixin.py:188} INFO - [2024-12-02T05:31:29.935+0000] {dag.py:3820} INFO - Setting next_dagrun for example_task_group to 2024-12-01T00:00:00+00:00, run_after=2024-12-02T00:00:00+00:00
[2024-12-02T05:31:29.950+0000] {processor.py:183} INFO - Processing /home/airflow/.local/lib/python3.8/site-packages/airflow/example_dags/example_task_group.py took 0.148 seconds
[2024-12-02T05:32:00.106+0000] {processor.py:161} INFO - Started process (PID=143) to work on /home/airflow/.local/lib/python3.8/site-packages/airflow/example_dags/example_task_group.py
[2024-12-02T05:32:00.107+0000] {processor.py:830} INFO - Processing file /home/airflow/.local/lib/python3.8/site-packages/airflow/example_dags/example_task_group.py for tasks to queue
[2024-12-02T05:32:00.109+0000] {logging_mixin.py:188} INFO - [2024-12-02T05:32:00.109+0000] {dagbag.py:538} INFO - Filling up the DagBag from /home/airflow/.local/lib/python3.8/site-packages/airflow/example_dags/example_task_group.py
[2024-12-02T05:32:00.115+0000] {processor.py:840} INFO - DAG(s) 'example_task_group' retrieved from /home/airflow/.local/lib/python3.8/site-packages/airflow/example_dags/example_task_group.py
[2024-12-02T05:32:00.135+0000] {logging_mixin.py:188} INFO - [2024-12-02T05:32:00.135+0000] {dag.py:3033} INFO - Sync 1 DAGs
[2024-12-02T05:32:00.152+0000] {logging_mixin.py:188} INFO - [2024-12-02T05:32:00.152+0000] {dag.py:3820} INFO - Setting next_dagrun for example_task_group to 2024-12-01T00:00:00+00:00, run_after=2024-12-02T00:00:00+00:00
[2024-12-02T05:32:00.172+0000] {processor.py:183} INFO - Processing /home/airflow/.local/lib/python3.8/site-packages/airflow/example_dags/example_task_group.py took 0.069 seconds
[2024-12-02T05:32:30.577+0000] {processor.py:161} INFO - Started process (PID=200) to work on /home/airflow/.local/lib/python3.8/site-packages/airflow/example_dags/example_task_group.py
[2024-12-02T05:32:30.578+0000] {processor.py:830} INFO - Processing file /home/airflow/.local/lib/python3.8/site-packages/airflow/example_dags/example_task_group.py for tasks to queue
[2024-12-02T05:32:30.581+0000] {logging_mixin.py:188} INFO - [2024-12-02T05:32:30.580+0000] {dagbag.py:538} INFO - Filling up the DagBag from /home/airflow/.local/lib/python3.8/site-packages/airflow/example_dags/example_task_group.py
[2024-12-02T05:32:30.587+0000] {processor.py:840} INFO - DAG(s) 'example_task_group' retrieved from /home/airflow/.local/lib/python3.8/site-packages/airflow/example_dags/example_task_group.py
[2024-12-02T05:32:30.614+0000] {logging_mixin.py:188} INFO - [2024-12-02T05:32:30.614+0000] {dag.py:3033} INFO - Sync 1 DAGs
[2024-12-02T05:32:30.635+0000] {logging_mixin.py:188} INFO - [2024-12-02T05:32:30.635+0000] {dag.py:3820} INFO - Setting next_dagrun for example_task_group to 2024-12-01T00:00:00+00:00, run_after=2024-12-02T00:00:00+00:00
[2024-12-02T05:32:30.655+0000] {processor.py:183} INFO - Processing /home/airflow/.local/lib/python3.8/site-packages/airflow/example_dags/example_task_group.py took 0.082 seconds
