[2024-12-02T05:31:25.575+0000] {processor.py:161} INFO - Started process (PID=53) to work on /home/airflow/.local/lib/python3.8/site-packages/airflow/example_dags/example_local_kubernetes_executor.py
[2024-12-02T05:31:25.576+0000] {processor.py:830} INFO - Processing file /home/airflow/.local/lib/python3.8/site-packages/airflow/example_dags/example_local_kubernetes_executor.py for tasks to queue
[2024-12-02T05:31:25.580+0000] {logging_mixin.py:188} INFO - [2024-12-02T05:31:25.579+0000] {dagbag.py:538} INFO - Filling up the DagBag from /home/airflow/.local/lib/python3.8/site-packages/airflow/example_dags/example_local_kubernetes_executor.py
[2024-12-02T05:31:25.592+0000] {processor.py:840} INFO - DAG(s) 'example_local_kubernetes_executor' retrieved from /home/airflow/.local/lib/python3.8/site-packages/airflow/example_dags/example_local_kubernetes_executor.py
[2024-12-02T05:31:25.763+0000] {logging_mixin.py:188} INFO - [2024-12-02T05:31:25.762+0000] {override.py:1769} INFO - Created Permission View: can read on DAG:example_local_kubernetes_executor
[2024-12-02T05:31:25.781+0000] {logging_mixin.py:188} INFO - [2024-12-02T05:31:25.780+0000] {override.py:1769} INFO - Created Permission View: can delete on DAG:example_local_kubernetes_executor
[2024-12-02T05:31:25.794+0000] {logging_mixin.py:188} INFO - [2024-12-02T05:31:25.794+0000] {override.py:1769} INFO - Created Permission View: can edit on DAG:example_local_kubernetes_executor
[2024-12-02T05:31:25.795+0000] {logging_mixin.py:188} INFO - [2024-12-02T05:31:25.795+0000] {dag.py:3033} INFO - Sync 1 DAGs
[2024-12-02T05:31:25.824+0000] {logging_mixin.py:188} INFO - [2024-12-02T05:31:25.824+0000] {dag.py:3055} INFO - Creating ORM DAG for example_local_kubernetes_executor
[2024-12-02T05:31:25.827+0000] {logging_mixin.py:188} INFO - [2024-12-02T05:31:25.827+0000] {dag.py:3820} INFO - Setting next_dagrun for example_local_kubernetes_executor to None, run_after=None
[2024-12-02T05:31:25.876+0000] {processor.py:183} INFO - Processing /home/airflow/.local/lib/python3.8/site-packages/airflow/example_dags/example_local_kubernetes_executor.py took 0.305 seconds
[2024-12-02T05:31:56.363+0000] {processor.py:161} INFO - Started process (PID=110) to work on /home/airflow/.local/lib/python3.8/site-packages/airflow/example_dags/example_local_kubernetes_executor.py
[2024-12-02T05:31:56.365+0000] {processor.py:830} INFO - Processing file /home/airflow/.local/lib/python3.8/site-packages/airflow/example_dags/example_local_kubernetes_executor.py for tasks to queue
[2024-12-02T05:31:56.369+0000] {logging_mixin.py:188} INFO - [2024-12-02T05:31:56.368+0000] {dagbag.py:538} INFO - Filling up the DagBag from /home/airflow/.local/lib/python3.8/site-packages/airflow/example_dags/example_local_kubernetes_executor.py
[2024-12-02T05:31:56.375+0000] {processor.py:840} INFO - DAG(s) 'example_local_kubernetes_executor' retrieved from /home/airflow/.local/lib/python3.8/site-packages/airflow/example_dags/example_local_kubernetes_executor.py
[2024-12-02T05:31:56.406+0000] {logging_mixin.py:188} INFO - [2024-12-02T05:31:56.406+0000] {dag.py:3033} INFO - Sync 1 DAGs
[2024-12-02T05:31:56.416+0000] {logging_mixin.py:188} INFO - [2024-12-02T05:31:56.416+0000] {dag.py:3820} INFO - Setting next_dagrun for example_local_kubernetes_executor to None, run_after=None
[2024-12-02T05:31:56.434+0000] {processor.py:183} INFO - Processing /home/airflow/.local/lib/python3.8/site-packages/airflow/example_dags/example_local_kubernetes_executor.py took 0.073 seconds
[2024-12-02T05:32:26.517+0000] {processor.py:161} INFO - Started process (PID=166) to work on /home/airflow/.local/lib/python3.8/site-packages/airflow/example_dags/example_local_kubernetes_executor.py
[2024-12-02T05:32:26.518+0000] {processor.py:830} INFO - Processing file /home/airflow/.local/lib/python3.8/site-packages/airflow/example_dags/example_local_kubernetes_executor.py for tasks to queue
[2024-12-02T05:32:26.520+0000] {logging_mixin.py:188} INFO - [2024-12-02T05:32:26.520+0000] {dagbag.py:538} INFO - Filling up the DagBag from /home/airflow/.local/lib/python3.8/site-packages/airflow/example_dags/example_local_kubernetes_executor.py
[2024-12-02T05:32:26.526+0000] {processor.py:840} INFO - DAG(s) 'example_local_kubernetes_executor' retrieved from /home/airflow/.local/lib/python3.8/site-packages/airflow/example_dags/example_local_kubernetes_executor.py
[2024-12-02T05:32:26.557+0000] {logging_mixin.py:188} INFO - [2024-12-02T05:32:26.557+0000] {dag.py:3033} INFO - Sync 1 DAGs
[2024-12-02T05:32:26.569+0000] {logging_mixin.py:188} INFO - [2024-12-02T05:32:26.569+0000] {dag.py:3820} INFO - Setting next_dagrun for example_local_kubernetes_executor to None, run_after=None
[2024-12-02T05:32:26.588+0000] {processor.py:183} INFO - Processing /home/airflow/.local/lib/python3.8/site-packages/airflow/example_dags/example_local_kubernetes_executor.py took 0.074 seconds
