[2024-12-02T05:31:27.960+0000] {processor.py:161} INFO - Started process (PID=70) to work on /home/airflow/.local/lib/python3.8/site-packages/airflow/example_dags/example_xcom.py
[2024-12-02T05:31:27.961+0000] {processor.py:830} INFO - Processing file /home/airflow/.local/lib/python3.8/site-packages/airflow/example_dags/example_xcom.py for tasks to queue
[2024-12-02T05:31:27.963+0000] {logging_mixin.py:188} INFO - [2024-12-02T05:31:27.963+0000] {dagbag.py:538} INFO - Filling up the DagBag from /home/airflow/.local/lib/python3.8/site-packages/airflow/example_dags/example_xcom.py
[2024-12-02T05:31:27.972+0000] {processor.py:840} INFO - DAG(s) 'example_xcom' retrieved from /home/airflow/.local/lib/python3.8/site-packages/airflow/example_dags/example_xcom.py
[2024-12-02T05:31:28.051+0000] {logging_mixin.py:188} INFO - [2024-12-02T05:31:28.050+0000] {override.py:1769} INFO - Created Permission View: can read on DAG:example_xcom
[2024-12-02T05:31:28.060+0000] {logging_mixin.py:188} INFO - [2024-12-02T05:31:28.060+0000] {override.py:1769} INFO - Created Permission View: can delete on DAG:example_xcom
[2024-12-02T05:31:28.067+0000] {logging_mixin.py:188} INFO - [2024-12-02T05:31:28.066+0000] {override.py:1769} INFO - Created Permission View: can edit on DAG:example_xcom
[2024-12-02T05:31:28.068+0000] {logging_mixin.py:188} INFO - [2024-12-02T05:31:28.067+0000] {dag.py:3033} INFO - Sync 1 DAGs
[2024-12-02T05:31:28.079+0000] {logging_mixin.py:188} INFO - [2024-12-02T05:31:28.079+0000] {dag.py:3055} INFO - Creating ORM DAG for example_xcom
[2024-12-02T05:31:28.088+0000] {logging_mixin.py:188} INFO - [2024-12-02T05:31:28.088+0000] {dag.py:3820} INFO - Setting next_dagrun for example_xcom to 2021-01-01T00:00:00+00:00, run_after=2021-01-01T00:00:00+00:00
[2024-12-02T05:31:28.106+0000] {processor.py:183} INFO - Processing /home/airflow/.local/lib/python3.8/site-packages/airflow/example_dags/example_xcom.py took 0.148 seconds
[2024-12-02T05:31:58.344+0000] {processor.py:161} INFO - Started process (PID=127) to work on /home/airflow/.local/lib/python3.8/site-packages/airflow/example_dags/example_xcom.py
[2024-12-02T05:31:58.345+0000] {processor.py:830} INFO - Processing file /home/airflow/.local/lib/python3.8/site-packages/airflow/example_dags/example_xcom.py for tasks to queue
[2024-12-02T05:31:58.347+0000] {logging_mixin.py:188} INFO - [2024-12-02T05:31:58.347+0000] {dagbag.py:538} INFO - Filling up the DagBag from /home/airflow/.local/lib/python3.8/site-packages/airflow/example_dags/example_xcom.py
[2024-12-02T05:31:58.353+0000] {processor.py:840} INFO - DAG(s) 'example_xcom' retrieved from /home/airflow/.local/lib/python3.8/site-packages/airflow/example_dags/example_xcom.py
[2024-12-02T05:31:58.377+0000] {logging_mixin.py:188} INFO - [2024-12-02T05:31:58.377+0000] {dag.py:3033} INFO - Sync 1 DAGs
[2024-12-02T05:31:58.398+0000] {logging_mixin.py:188} INFO - [2024-12-02T05:31:58.398+0000] {dag.py:3820} INFO - Setting next_dagrun for example_xcom to 2021-01-01T00:00:00+00:00, run_after=2021-01-01T00:00:00+00:00
[2024-12-02T05:31:58.422+0000] {processor.py:183} INFO - Processing /home/airflow/.local/lib/python3.8/site-packages/airflow/example_dags/example_xcom.py took 0.082 seconds
[2024-12-02T05:32:28.666+0000] {processor.py:161} INFO - Started process (PID=184) to work on /home/airflow/.local/lib/python3.8/site-packages/airflow/example_dags/example_xcom.py
[2024-12-02T05:32:28.667+0000] {processor.py:830} INFO - Processing file /home/airflow/.local/lib/python3.8/site-packages/airflow/example_dags/example_xcom.py for tasks to queue
[2024-12-02T05:32:28.670+0000] {logging_mixin.py:188} INFO - [2024-12-02T05:32:28.669+0000] {dagbag.py:538} INFO - Filling up the DagBag from /home/airflow/.local/lib/python3.8/site-packages/airflow/example_dags/example_xcom.py
[2024-12-02T05:32:28.676+0000] {processor.py:840} INFO - DAG(s) 'example_xcom' retrieved from /home/airflow/.local/lib/python3.8/site-packages/airflow/example_dags/example_xcom.py
[2024-12-02T05:32:28.698+0000] {logging_mixin.py:188} INFO - [2024-12-02T05:32:28.698+0000] {dag.py:3033} INFO - Sync 1 DAGs
[2024-12-02T05:32:28.718+0000] {logging_mixin.py:188} INFO - [2024-12-02T05:32:28.718+0000] {dag.py:3820} INFO - Setting next_dagrun for example_xcom to 2021-01-01T00:00:00+00:00, run_after=2021-01-01T00:00:00+00:00
[2024-12-02T05:32:28.743+0000] {processor.py:183} INFO - Processing /home/airflow/.local/lib/python3.8/site-packages/airflow/example_dags/example_xcom.py took 0.080 seconds
