[2024-12-02T05:31:26.662+0000] {processor.py:161} INFO - Started process (PID=60) to work on /home/airflow/.local/lib/python3.8/site-packages/airflow/example_dags/example_short_circuit_decorator.py
[2024-12-02T05:31:26.663+0000] {processor.py:830} INFO - Processing file /home/airflow/.local/lib/python3.8/site-packages/airflow/example_dags/example_short_circuit_decorator.py for tasks to queue
[2024-12-02T05:31:26.665+0000] {logging_mixin.py:188} INFO - [2024-12-02T05:31:26.665+0000] {dagbag.py:538} INFO - Filling up the DagBag from /home/airflow/.local/lib/python3.8/site-packages/airflow/example_dags/example_short_circuit_decorator.py
[2024-12-02T05:31:26.673+0000] {processor.py:840} INFO - DAG(s) 'example_short_circuit_decorator' retrieved from /home/airflow/.local/lib/python3.8/site-packages/airflow/example_dags/example_short_circuit_decorator.py
[2024-12-02T05:31:26.803+0000] {logging_mixin.py:188} INFO - [2024-12-02T05:31:26.802+0000] {override.py:1769} INFO - Created Permission View: can read on DAG:example_short_circuit_decorator
[2024-12-02T05:31:26.820+0000] {logging_mixin.py:188} INFO - [2024-12-02T05:31:26.820+0000] {override.py:1769} INFO - Created Permission View: can delete on DAG:example_short_circuit_decorator
[2024-12-02T05:31:26.832+0000] {logging_mixin.py:188} INFO - [2024-12-02T05:31:26.831+0000] {override.py:1769} INFO - Created Permission View: can edit on DAG:example_short_circuit_decorator
[2024-12-02T05:31:26.833+0000] {logging_mixin.py:188} INFO - [2024-12-02T05:31:26.833+0000] {dag.py:3033} INFO - Sync 1 DAGs
[2024-12-02T05:31:26.848+0000] {logging_mixin.py:188} INFO - [2024-12-02T05:31:26.848+0000] {dag.py:3055} INFO - Creating ORM DAG for example_short_circuit_decorator
[2024-12-02T05:31:26.858+0000] {logging_mixin.py:188} INFO - [2024-12-02T05:31:26.858+0000] {dag.py:3820} INFO - Setting next_dagrun for example_short_circuit_decorator to 2024-12-01T00:00:00+00:00, run_after=2024-12-02T00:00:00+00:00
[2024-12-02T05:31:26.881+0000] {processor.py:183} INFO - Processing /home/airflow/.local/lib/python3.8/site-packages/airflow/example_dags/example_short_circuit_decorator.py took 0.222 seconds
[2024-12-02T05:31:57.766+0000] {processor.py:161} INFO - Started process (PID=117) to work on /home/airflow/.local/lib/python3.8/site-packages/airflow/example_dags/example_short_circuit_decorator.py
[2024-12-02T05:31:57.767+0000] {processor.py:830} INFO - Processing file /home/airflow/.local/lib/python3.8/site-packages/airflow/example_dags/example_short_circuit_decorator.py for tasks to queue
[2024-12-02T05:31:57.770+0000] {logging_mixin.py:188} INFO - [2024-12-02T05:31:57.769+0000] {dagbag.py:538} INFO - Filling up the DagBag from /home/airflow/.local/lib/python3.8/site-packages/airflow/example_dags/example_short_circuit_decorator.py
[2024-12-02T05:31:57.777+0000] {processor.py:840} INFO - DAG(s) 'example_short_circuit_decorator' retrieved from /home/airflow/.local/lib/python3.8/site-packages/airflow/example_dags/example_short_circuit_decorator.py
[2024-12-02T05:31:57.796+0000] {logging_mixin.py:188} INFO - [2024-12-02T05:31:57.795+0000] {dag.py:3033} INFO - Sync 1 DAGs
[2024-12-02T05:31:57.814+0000] {logging_mixin.py:188} INFO - [2024-12-02T05:31:57.814+0000] {dag.py:3820} INFO - Setting next_dagrun for example_short_circuit_decorator to 2024-12-01T00:00:00+00:00, run_after=2024-12-02T00:00:00+00:00
[2024-12-02T05:31:57.834+0000] {processor.py:183} INFO - Processing /home/airflow/.local/lib/python3.8/site-packages/airflow/example_dags/example_short_circuit_decorator.py took 0.071 seconds
[2024-12-02T05:32:28.005+0000] {processor.py:161} INFO - Started process (PID=174) to work on /home/airflow/.local/lib/python3.8/site-packages/airflow/example_dags/example_short_circuit_decorator.py
[2024-12-02T05:32:28.006+0000] {processor.py:830} INFO - Processing file /home/airflow/.local/lib/python3.8/site-packages/airflow/example_dags/example_short_circuit_decorator.py for tasks to queue
[2024-12-02T05:32:28.009+0000] {logging_mixin.py:188} INFO - [2024-12-02T05:32:28.008+0000] {dagbag.py:538} INFO - Filling up the DagBag from /home/airflow/.local/lib/python3.8/site-packages/airflow/example_dags/example_short_circuit_decorator.py
[2024-12-02T05:32:28.016+0000] {processor.py:840} INFO - DAG(s) 'example_short_circuit_decorator' retrieved from /home/airflow/.local/lib/python3.8/site-packages/airflow/example_dags/example_short_circuit_decorator.py
[2024-12-02T05:32:28.038+0000] {logging_mixin.py:188} INFO - [2024-12-02T05:32:28.038+0000] {dag.py:3033} INFO - Sync 1 DAGs
[2024-12-02T05:32:28.058+0000] {logging_mixin.py:188} INFO - [2024-12-02T05:32:28.057+0000] {dag.py:3820} INFO - Setting next_dagrun for example_short_circuit_decorator to 2024-12-01T00:00:00+00:00, run_after=2024-12-02T00:00:00+00:00
[2024-12-02T05:32:28.079+0000] {processor.py:183} INFO - Processing /home/airflow/.local/lib/python3.8/site-packages/airflow/example_dags/example_short_circuit_decorator.py took 0.078 seconds
