[2024-12-02T05:31:29.433+0000] {processor.py:161} INFO - Started process (PID=82) to work on /home/airflow/.local/lib/python3.8/site-packages/airflow/example_dags/example_dynamic_task_mapping.py
[2024-12-02T05:31:29.434+0000] {processor.py:830} INFO - Processing file /home/airflow/.local/lib/python3.8/site-packages/airflow/example_dags/example_dynamic_task_mapping.py for tasks to queue
[2024-12-02T05:31:29.437+0000] {logging_mixin.py:188} INFO - [2024-12-02T05:31:29.436+0000] {dagbag.py:538} INFO - Filling up the DagBag from /home/airflow/.local/lib/python3.8/site-packages/airflow/example_dags/example_dynamic_task_mapping.py
[2024-12-02T05:31:29.444+0000] {processor.py:840} INFO - DAG(s) 'example_dynamic_task_mapping' retrieved from /home/airflow/.local/lib/python3.8/site-packages/airflow/example_dags/example_dynamic_task_mapping.py
[2024-12-02T05:31:29.541+0000] {logging_mixin.py:188} INFO - [2024-12-02T05:31:29.540+0000] {override.py:1769} INFO - Created Permission View: can read on DAG:example_dynamic_task_mapping
[2024-12-02T05:31:29.551+0000] {logging_mixin.py:188} INFO - [2024-12-02T05:31:29.551+0000] {override.py:1769} INFO - Created Permission View: can delete on DAG:example_dynamic_task_mapping
[2024-12-02T05:31:29.559+0000] {logging_mixin.py:188} INFO - [2024-12-02T05:31:29.558+0000] {override.py:1769} INFO - Created Permission View: can edit on DAG:example_dynamic_task_mapping
[2024-12-02T05:31:29.559+0000] {logging_mixin.py:188} INFO - [2024-12-02T05:31:29.559+0000] {dag.py:3033} INFO - Sync 1 DAGs
[2024-12-02T05:31:29.570+0000] {logging_mixin.py:188} INFO - [2024-12-02T05:31:29.570+0000] {dag.py:3055} INFO - Creating ORM DAG for example_dynamic_task_mapping
[2024-12-02T05:31:29.582+0000] {logging_mixin.py:188} INFO - [2024-12-02T05:31:29.582+0000] {dag.py:3820} INFO - Setting next_dagrun for example_dynamic_task_mapping to 2022-03-04T00:00:00+00:00, run_after=2022-03-05T00:00:00+00:00
[2024-12-02T05:31:29.599+0000] {processor.py:183} INFO - Processing /home/airflow/.local/lib/python3.8/site-packages/airflow/example_dags/example_dynamic_task_mapping.py took 0.168 seconds
[2024-12-02T05:31:59.918+0000] {processor.py:161} INFO - Started process (PID=139) to work on /home/airflow/.local/lib/python3.8/site-packages/airflow/example_dags/example_dynamic_task_mapping.py
[2024-12-02T05:31:59.919+0000] {processor.py:830} INFO - Processing file /home/airflow/.local/lib/python3.8/site-packages/airflow/example_dags/example_dynamic_task_mapping.py for tasks to queue
[2024-12-02T05:31:59.921+0000] {logging_mixin.py:188} INFO - [2024-12-02T05:31:59.920+0000] {dagbag.py:538} INFO - Filling up the DagBag from /home/airflow/.local/lib/python3.8/site-packages/airflow/example_dags/example_dynamic_task_mapping.py
[2024-12-02T05:31:59.926+0000] {processor.py:840} INFO - DAG(s) 'example_dynamic_task_mapping' retrieved from /home/airflow/.local/lib/python3.8/site-packages/airflow/example_dags/example_dynamic_task_mapping.py
[2024-12-02T05:31:59.943+0000] {logging_mixin.py:188} INFO - [2024-12-02T05:31:59.942+0000] {dag.py:3033} INFO - Sync 1 DAGs
[2024-12-02T05:31:59.963+0000] {logging_mixin.py:188} INFO - [2024-12-02T05:31:59.962+0000] {dag.py:3820} INFO - Setting next_dagrun for example_dynamic_task_mapping to 2022-03-04T00:00:00+00:00, run_after=2022-03-05T00:00:00+00:00
[2024-12-02T05:31:59.985+0000] {processor.py:183} INFO - Processing /home/airflow/.local/lib/python3.8/site-packages/airflow/example_dags/example_dynamic_task_mapping.py took 0.069 seconds
[2024-12-02T05:32:30.353+0000] {processor.py:161} INFO - Started process (PID=196) to work on /home/airflow/.local/lib/python3.8/site-packages/airflow/example_dags/example_dynamic_task_mapping.py
[2024-12-02T05:32:30.354+0000] {processor.py:830} INFO - Processing file /home/airflow/.local/lib/python3.8/site-packages/airflow/example_dags/example_dynamic_task_mapping.py for tasks to queue
[2024-12-02T05:32:30.357+0000] {logging_mixin.py:188} INFO - [2024-12-02T05:32:30.356+0000] {dagbag.py:538} INFO - Filling up the DagBag from /home/airflow/.local/lib/python3.8/site-packages/airflow/example_dags/example_dynamic_task_mapping.py
[2024-12-02T05:32:30.365+0000] {processor.py:840} INFO - DAG(s) 'example_dynamic_task_mapping' retrieved from /home/airflow/.local/lib/python3.8/site-packages/airflow/example_dags/example_dynamic_task_mapping.py
[2024-12-02T05:32:30.386+0000] {logging_mixin.py:188} INFO - [2024-12-02T05:32:30.386+0000] {dag.py:3033} INFO - Sync 1 DAGs
[2024-12-02T05:32:30.410+0000] {logging_mixin.py:188} INFO - [2024-12-02T05:32:30.409+0000] {dag.py:3820} INFO - Setting next_dagrun for example_dynamic_task_mapping to 2022-03-04T00:00:00+00:00, run_after=2022-03-05T00:00:00+00:00
[2024-12-02T05:32:30.435+0000] {processor.py:183} INFO - Processing /home/airflow/.local/lib/python3.8/site-packages/airflow/example_dags/example_dynamic_task_mapping.py took 0.085 seconds
