[2024-12-02T05:31:27.364+0000] {processor.py:161} INFO - Started process (PID=66) to work on /home/airflow/.local/lib/python3.8/site-packages/airflow/example_dags/example_nested_branch_dag.py
[2024-12-02T05:31:27.365+0000] {processor.py:830} INFO - Processing file /home/airflow/.local/lib/python3.8/site-packages/airflow/example_dags/example_nested_branch_dag.py for tasks to queue
[2024-12-02T05:31:27.369+0000] {logging_mixin.py:188} INFO - [2024-12-02T05:31:27.368+0000] {dagbag.py:538} INFO - Filling up the DagBag from /home/airflow/.local/lib/python3.8/site-packages/airflow/example_dags/example_nested_branch_dag.py
[2024-12-02T05:31:27.380+0000] {processor.py:840} INFO - DAG(s) 'example_nested_branch_dag' retrieved from /home/airflow/.local/lib/python3.8/site-packages/airflow/example_dags/example_nested_branch_dag.py
[2024-12-02T05:31:27.477+0000] {logging_mixin.py:188} INFO - [2024-12-02T05:31:27.477+0000] {override.py:1769} INFO - Created Permission View: can read on DAG:example_nested_branch_dag
[2024-12-02T05:31:27.487+0000] {logging_mixin.py:188} INFO - [2024-12-02T05:31:27.487+0000] {override.py:1769} INFO - Created Permission View: can delete on DAG:example_nested_branch_dag
[2024-12-02T05:31:27.494+0000] {logging_mixin.py:188} INFO - [2024-12-02T05:31:27.494+0000] {override.py:1769} INFO - Created Permission View: can edit on DAG:example_nested_branch_dag
[2024-12-02T05:31:27.495+0000] {logging_mixin.py:188} INFO - [2024-12-02T05:31:27.495+0000] {dag.py:3033} INFO - Sync 1 DAGs
[2024-12-02T05:31:27.505+0000] {logging_mixin.py:188} INFO - [2024-12-02T05:31:27.505+0000] {dag.py:3055} INFO - Creating ORM DAG for example_nested_branch_dag
[2024-12-02T05:31:27.514+0000] {logging_mixin.py:188} INFO - [2024-12-02T05:31:27.514+0000] {dag.py:3820} INFO - Setting next_dagrun for example_nested_branch_dag to 2024-12-01T00:00:00+00:00, run_after=2024-12-02T00:00:00+00:00
[2024-12-02T05:31:27.531+0000] {processor.py:183} INFO - Processing /home/airflow/.local/lib/python3.8/site-packages/airflow/example_dags/example_nested_branch_dag.py took 0.170 seconds
[2024-12-02T05:31:58.088+0000] {processor.py:161} INFO - Started process (PID=123) to work on /home/airflow/.local/lib/python3.8/site-packages/airflow/example_dags/example_nested_branch_dag.py
[2024-12-02T05:31:58.089+0000] {processor.py:830} INFO - Processing file /home/airflow/.local/lib/python3.8/site-packages/airflow/example_dags/example_nested_branch_dag.py for tasks to queue
[2024-12-02T05:31:58.094+0000] {logging_mixin.py:188} INFO - [2024-12-02T05:31:58.092+0000] {dagbag.py:538} INFO - Filling up the DagBag from /home/airflow/.local/lib/python3.8/site-packages/airflow/example_dags/example_nested_branch_dag.py
[2024-12-02T05:31:58.105+0000] {processor.py:840} INFO - DAG(s) 'example_nested_branch_dag' retrieved from /home/airflow/.local/lib/python3.8/site-packages/airflow/example_dags/example_nested_branch_dag.py
[2024-12-02T05:31:58.133+0000] {logging_mixin.py:188} INFO - [2024-12-02T05:31:58.133+0000] {dag.py:3033} INFO - Sync 1 DAGs
[2024-12-02T05:31:58.163+0000] {logging_mixin.py:188} INFO - [2024-12-02T05:31:58.162+0000] {dag.py:3820} INFO - Setting next_dagrun for example_nested_branch_dag to 2024-12-01T00:00:00+00:00, run_after=2024-12-02T00:00:00+00:00
[2024-12-02T05:31:58.188+0000] {processor.py:183} INFO - Processing /home/airflow/.local/lib/python3.8/site-packages/airflow/example_dags/example_nested_branch_dag.py took 0.105 seconds
[2024-12-02T05:32:28.441+0000] {processor.py:161} INFO - Started process (PID=180) to work on /home/airflow/.local/lib/python3.8/site-packages/airflow/example_dags/example_nested_branch_dag.py
[2024-12-02T05:32:28.442+0000] {processor.py:830} INFO - Processing file /home/airflow/.local/lib/python3.8/site-packages/airflow/example_dags/example_nested_branch_dag.py for tasks to queue
[2024-12-02T05:32:28.444+0000] {logging_mixin.py:188} INFO - [2024-12-02T05:32:28.443+0000] {dagbag.py:538} INFO - Filling up the DagBag from /home/airflow/.local/lib/python3.8/site-packages/airflow/example_dags/example_nested_branch_dag.py
[2024-12-02T05:32:28.452+0000] {processor.py:840} INFO - DAG(s) 'example_nested_branch_dag' retrieved from /home/airflow/.local/lib/python3.8/site-packages/airflow/example_dags/example_nested_branch_dag.py
[2024-12-02T05:32:28.475+0000] {logging_mixin.py:188} INFO - [2024-12-02T05:32:28.474+0000] {dag.py:3033} INFO - Sync 1 DAGs
[2024-12-02T05:32:28.496+0000] {logging_mixin.py:188} INFO - [2024-12-02T05:32:28.496+0000] {dag.py:3820} INFO - Setting next_dagrun for example_nested_branch_dag to 2024-12-01T00:00:00+00:00, run_after=2024-12-02T00:00:00+00:00
[2024-12-02T05:32:28.520+0000] {processor.py:183} INFO - Processing /home/airflow/.local/lib/python3.8/site-packages/airflow/example_dags/example_nested_branch_dag.py took 0.082 seconds
