[2024-12-02T05:31:26.053+0000] {processor.py:161} INFO - Started process (PID=55) to work on /home/airflow/.local/lib/python3.8/site-packages/airflow/example_dags/example_time_delta_sensor_async.py
[2024-12-02T05:31:26.054+0000] {processor.py:830} INFO - Processing file /home/airflow/.local/lib/python3.8/site-packages/airflow/example_dags/example_time_delta_sensor_async.py for tasks to queue
[2024-12-02T05:31:26.056+0000] {logging_mixin.py:188} INFO - [2024-12-02T05:31:26.056+0000] {dagbag.py:538} INFO - Filling up the DagBag from /home/airflow/.local/lib/python3.8/site-packages/airflow/example_dags/example_time_delta_sensor_async.py
[2024-12-02T05:31:26.063+0000] {processor.py:840} INFO - DAG(s) 'example_time_delta_sensor_async' retrieved from /home/airflow/.local/lib/python3.8/site-packages/airflow/example_dags/example_time_delta_sensor_async.py
[2024-12-02T05:31:26.168+0000] {logging_mixin.py:188} INFO - [2024-12-02T05:31:26.167+0000] {override.py:1769} INFO - Created Permission View: can read on DAG:example_time_delta_sensor_async
[2024-12-02T05:31:26.179+0000] {logging_mixin.py:188} INFO - [2024-12-02T05:31:26.179+0000] {override.py:1769} INFO - Created Permission View: can delete on DAG:example_time_delta_sensor_async
[2024-12-02T05:31:26.187+0000] {logging_mixin.py:188} INFO - [2024-12-02T05:31:26.187+0000] {override.py:1769} INFO - Created Permission View: can edit on DAG:example_time_delta_sensor_async
[2024-12-02T05:31:26.188+0000] {logging_mixin.py:188} INFO - [2024-12-02T05:31:26.188+0000] {dag.py:3033} INFO - Sync 1 DAGs
[2024-12-02T05:31:26.198+0000] {logging_mixin.py:188} INFO - [2024-12-02T05:31:26.197+0000] {dag.py:3055} INFO - Creating ORM DAG for example_time_delta_sensor_async
[2024-12-02T05:31:26.199+0000] {logging_mixin.py:188} INFO - [2024-12-02T05:31:26.198+0000] {dag.py:3820} INFO - Setting next_dagrun for example_time_delta_sensor_async to None, run_after=None
[2024-12-02T05:31:26.215+0000] {processor.py:183} INFO - Processing /home/airflow/.local/lib/python3.8/site-packages/airflow/example_dags/example_time_delta_sensor_async.py took 0.165 seconds
[2024-12-02T05:31:56.548+0000] {processor.py:161} INFO - Started process (PID=112) to work on /home/airflow/.local/lib/python3.8/site-packages/airflow/example_dags/example_time_delta_sensor_async.py
[2024-12-02T05:31:56.549+0000] {processor.py:830} INFO - Processing file /home/airflow/.local/lib/python3.8/site-packages/airflow/example_dags/example_time_delta_sensor_async.py for tasks to queue
[2024-12-02T05:31:56.550+0000] {logging_mixin.py:188} INFO - [2024-12-02T05:31:56.550+0000] {dagbag.py:538} INFO - Filling up the DagBag from /home/airflow/.local/lib/python3.8/site-packages/airflow/example_dags/example_time_delta_sensor_async.py
[2024-12-02T05:31:56.554+0000] {processor.py:840} INFO - DAG(s) 'example_time_delta_sensor_async' retrieved from /home/airflow/.local/lib/python3.8/site-packages/airflow/example_dags/example_time_delta_sensor_async.py
[2024-12-02T05:31:56.572+0000] {logging_mixin.py:188} INFO - [2024-12-02T05:31:56.572+0000] {dag.py:3033} INFO - Sync 1 DAGs
[2024-12-02T05:31:56.583+0000] {logging_mixin.py:188} INFO - [2024-12-02T05:31:56.583+0000] {dag.py:3820} INFO - Setting next_dagrun for example_time_delta_sensor_async to None, run_after=None
[2024-12-02T05:31:56.600+0000] {processor.py:183} INFO - Processing /home/airflow/.local/lib/python3.8/site-packages/airflow/example_dags/example_time_delta_sensor_async.py took 0.054 seconds
[2024-12-02T05:32:26.733+0000] {processor.py:161} INFO - Started process (PID=169) to work on /home/airflow/.local/lib/python3.8/site-packages/airflow/example_dags/example_time_delta_sensor_async.py
[2024-12-02T05:32:26.734+0000] {processor.py:830} INFO - Processing file /home/airflow/.local/lib/python3.8/site-packages/airflow/example_dags/example_time_delta_sensor_async.py for tasks to queue
[2024-12-02T05:32:26.736+0000] {logging_mixin.py:188} INFO - [2024-12-02T05:32:26.736+0000] {dagbag.py:538} INFO - Filling up the DagBag from /home/airflow/.local/lib/python3.8/site-packages/airflow/example_dags/example_time_delta_sensor_async.py
[2024-12-02T05:32:26.742+0000] {processor.py:840} INFO - DAG(s) 'example_time_delta_sensor_async' retrieved from /home/airflow/.local/lib/python3.8/site-packages/airflow/example_dags/example_time_delta_sensor_async.py
[2024-12-02T05:32:26.759+0000] {logging_mixin.py:188} INFO - [2024-12-02T05:32:26.759+0000] {dag.py:3033} INFO - Sync 1 DAGs
[2024-12-02T05:32:26.770+0000] {logging_mixin.py:188} INFO - [2024-12-02T05:32:26.769+0000] {dag.py:3820} INFO - Setting next_dagrun for example_time_delta_sensor_async to None, run_after=None
[2024-12-02T05:32:26.787+0000] {processor.py:183} INFO - Processing /home/airflow/.local/lib/python3.8/site-packages/airflow/example_dags/example_time_delta_sensor_async.py took 0.056 seconds
