[2024-12-02T05:31:25.339+0000] {processor.py:161} INFO - Started process (PID=51) to work on /home/airflow/.local/lib/python3.8/site-packages/airflow/example_dags/example_python_operator.py
[2024-12-02T05:31:25.340+0000] {processor.py:830} INFO - Processing file /home/airflow/.local/lib/python3.8/site-packages/airflow/example_dags/example_python_operator.py for tasks to queue
[2024-12-02T05:31:25.343+0000] {logging_mixin.py:188} INFO - [2024-12-02T05:31:25.343+0000] {dagbag.py:538} INFO - Filling up the DagBag from /home/airflow/.local/lib/python3.8/site-packages/airflow/example_dags/example_python_operator.py
[2024-12-02T05:31:25.357+0000] {processor.py:840} INFO - DAG(s) 'example_python_operator' retrieved from /home/airflow/.local/lib/python3.8/site-packages/airflow/example_dags/example_python_operator.py
[2024-12-02T05:31:25.476+0000] {logging_mixin.py:188} INFO - [2024-12-02T05:31:25.475+0000] {override.py:1769} INFO - Created Permission View: can read on DAG:example_python_operator
[2024-12-02T05:31:25.490+0000] {logging_mixin.py:188} INFO - [2024-12-02T05:31:25.490+0000] {override.py:1769} INFO - Created Permission View: can delete on DAG:example_python_operator
[2024-12-02T05:31:25.499+0000] {logging_mixin.py:188} INFO - [2024-12-02T05:31:25.499+0000] {override.py:1769} INFO - Created Permission View: can edit on DAG:example_python_operator
[2024-12-02T05:31:25.500+0000] {logging_mixin.py:188} INFO - [2024-12-02T05:31:25.500+0000] {dag.py:3033} INFO - Sync 1 DAGs
[2024-12-02T05:31:25.513+0000] {logging_mixin.py:188} INFO - [2024-12-02T05:31:25.512+0000] {dag.py:3055} INFO - Creating ORM DAG for example_python_operator
[2024-12-02T05:31:25.514+0000] {logging_mixin.py:188} INFO - [2024-12-02T05:31:25.514+0000] {dag.py:3820} INFO - Setting next_dagrun for example_python_operator to None, run_after=None
[2024-12-02T05:31:25.542+0000] {processor.py:183} INFO - Processing /home/airflow/.local/lib/python3.8/site-packages/airflow/example_dags/example_python_operator.py took 0.206 seconds
[2024-12-02T05:31:56.279+0000] {processor.py:161} INFO - Started process (PID=108) to work on /home/airflow/.local/lib/python3.8/site-packages/airflow/example_dags/example_python_operator.py
[2024-12-02T05:31:56.280+0000] {processor.py:830} INFO - Processing file /home/airflow/.local/lib/python3.8/site-packages/airflow/example_dags/example_python_operator.py for tasks to queue
[2024-12-02T05:31:56.282+0000] {logging_mixin.py:188} INFO - [2024-12-02T05:31:56.281+0000] {dagbag.py:538} INFO - Filling up the DagBag from /home/airflow/.local/lib/python3.8/site-packages/airflow/example_dags/example_python_operator.py
[2024-12-02T05:31:56.289+0000] {processor.py:840} INFO - DAG(s) 'example_python_operator' retrieved from /home/airflow/.local/lib/python3.8/site-packages/airflow/example_dags/example_python_operator.py
[2024-12-02T05:31:56.309+0000] {logging_mixin.py:188} INFO - [2024-12-02T05:31:56.308+0000] {dag.py:3033} INFO - Sync 1 DAGs
[2024-12-02T05:31:56.319+0000] {logging_mixin.py:188} INFO - [2024-12-02T05:31:56.318+0000] {dag.py:3820} INFO - Setting next_dagrun for example_python_operator to None, run_after=None
[2024-12-02T05:31:56.334+0000] {processor.py:183} INFO - Processing /home/airflow/.local/lib/python3.8/site-packages/airflow/example_dags/example_python_operator.py took 0.059 seconds
[2024-12-02T05:32:26.413+0000] {processor.py:161} INFO - Started process (PID=165) to work on /home/airflow/.local/lib/python3.8/site-packages/airflow/example_dags/example_python_operator.py
[2024-12-02T05:32:26.414+0000] {processor.py:830} INFO - Processing file /home/airflow/.local/lib/python3.8/site-packages/airflow/example_dags/example_python_operator.py for tasks to queue
[2024-12-02T05:32:26.416+0000] {logging_mixin.py:188} INFO - [2024-12-02T05:32:26.416+0000] {dagbag.py:538} INFO - Filling up the DagBag from /home/airflow/.local/lib/python3.8/site-packages/airflow/example_dags/example_python_operator.py
[2024-12-02T05:32:26.425+0000] {processor.py:840} INFO - DAG(s) 'example_python_operator' retrieved from /home/airflow/.local/lib/python3.8/site-packages/airflow/example_dags/example_python_operator.py
[2024-12-02T05:32:26.455+0000] {logging_mixin.py:188} INFO - [2024-12-02T05:32:26.454+0000] {dag.py:3033} INFO - Sync 1 DAGs
[2024-12-02T05:32:26.466+0000] {logging_mixin.py:188} INFO - [2024-12-02T05:32:26.466+0000] {dag.py:3820} INFO - Setting next_dagrun for example_python_operator to None, run_after=None
[2024-12-02T05:32:26.487+0000] {processor.py:183} INFO - Processing /home/airflow/.local/lib/python3.8/site-packages/airflow/example_dags/example_python_operator.py took 0.077 seconds
