[2024-12-02T05:31:29.455+0000] {processor.py:161} INFO - Started process (PID=83) to work on /home/airflow/.local/lib/python3.8/site-packages/airflow/example_dags/example_latest_only.py
[2024-12-02T05:31:29.456+0000] {processor.py:830} INFO - Processing file /home/airflow/.local/lib/python3.8/site-packages/airflow/example_dags/example_latest_only.py for tasks to queue
[2024-12-02T05:31:29.458+0000] {logging_mixin.py:188} INFO - [2024-12-02T05:31:29.458+0000] {dagbag.py:538} INFO - Filling up the DagBag from /home/airflow/.local/lib/python3.8/site-packages/airflow/example_dags/example_latest_only.py
[2024-12-02T05:31:29.466+0000] {processor.py:840} INFO - DAG(s) 'latest_only' retrieved from /home/airflow/.local/lib/python3.8/site-packages/airflow/example_dags/example_latest_only.py
[2024-12-02T05:31:29.563+0000] {logging_mixin.py:188} INFO - [2024-12-02T05:31:29.563+0000] {override.py:1769} INFO - Created Permission View: can read on DAG:latest_only
[2024-12-02T05:31:29.576+0000] {logging_mixin.py:188} INFO - [2024-12-02T05:31:29.575+0000] {override.py:1769} INFO - Created Permission View: can delete on DAG:latest_only
[2024-12-02T05:31:29.583+0000] {logging_mixin.py:188} INFO - [2024-12-02T05:31:29.583+0000] {override.py:1769} INFO - Created Permission View: can edit on DAG:latest_only
[2024-12-02T05:31:29.584+0000] {logging_mixin.py:188} INFO - [2024-12-02T05:31:29.584+0000] {dag.py:3033} INFO - Sync 1 DAGs
[2024-12-02T05:31:29.594+0000] {logging_mixin.py:188} INFO - [2024-12-02T05:31:29.594+0000] {dag.py:3055} INFO - Creating ORM DAG for latest_only
[2024-12-02T05:31:29.605+0000] {logging_mixin.py:188} INFO - [2024-12-02T05:31:29.604+0000] {dag.py:3820} INFO - Setting next_dagrun for latest_only to 2024-12-02T00:00:00+00:00, run_after=2024-12-02T04:00:00+00:00
[2024-12-02T05:31:29.627+0000] {processor.py:183} INFO - Processing /home/airflow/.local/lib/python3.8/site-packages/airflow/example_dags/example_latest_only.py took 0.174 seconds
[2024-12-02T05:31:59.941+0000] {processor.py:161} INFO - Started process (PID=140) to work on /home/airflow/.local/lib/python3.8/site-packages/airflow/example_dags/example_latest_only.py
[2024-12-02T05:31:59.942+0000] {processor.py:830} INFO - Processing file /home/airflow/.local/lib/python3.8/site-packages/airflow/example_dags/example_latest_only.py for tasks to queue
[2024-12-02T05:31:59.944+0000] {logging_mixin.py:188} INFO - [2024-12-02T05:31:59.943+0000] {dagbag.py:538} INFO - Filling up the DagBag from /home/airflow/.local/lib/python3.8/site-packages/airflow/example_dags/example_latest_only.py
[2024-12-02T05:31:59.948+0000] {processor.py:840} INFO - DAG(s) 'latest_only' retrieved from /home/airflow/.local/lib/python3.8/site-packages/airflow/example_dags/example_latest_only.py
[2024-12-02T05:31:59.968+0000] {logging_mixin.py:188} INFO - [2024-12-02T05:31:59.967+0000] {dag.py:3033} INFO - Sync 1 DAGs
[2024-12-02T05:31:59.991+0000] {logging_mixin.py:188} INFO - [2024-12-02T05:31:59.990+0000] {dag.py:3820} INFO - Setting next_dagrun for latest_only to 2024-12-02T00:00:00+00:00, run_after=2024-12-02T04:00:00+00:00
[2024-12-02T05:32:00.011+0000] {processor.py:183} INFO - Processing /home/airflow/.local/lib/python3.8/site-packages/airflow/example_dags/example_latest_only.py took 0.072 seconds
[2024-12-02T05:32:30.379+0000] {processor.py:161} INFO - Started process (PID=197) to work on /home/airflow/.local/lib/python3.8/site-packages/airflow/example_dags/example_latest_only.py
[2024-12-02T05:32:30.380+0000] {processor.py:830} INFO - Processing file /home/airflow/.local/lib/python3.8/site-packages/airflow/example_dags/example_latest_only.py for tasks to queue
[2024-12-02T05:32:30.382+0000] {logging_mixin.py:188} INFO - [2024-12-02T05:32:30.382+0000] {dagbag.py:538} INFO - Filling up the DagBag from /home/airflow/.local/lib/python3.8/site-packages/airflow/example_dags/example_latest_only.py
[2024-12-02T05:32:30.388+0000] {processor.py:840} INFO - DAG(s) 'latest_only' retrieved from /home/airflow/.local/lib/python3.8/site-packages/airflow/example_dags/example_latest_only.py
[2024-12-02T05:32:30.410+0000] {logging_mixin.py:188} INFO - [2024-12-02T05:32:30.410+0000] {dag.py:3033} INFO - Sync 1 DAGs
[2024-12-02T05:32:30.434+0000] {logging_mixin.py:188} INFO - [2024-12-02T05:32:30.433+0000] {dag.py:3820} INFO - Setting next_dagrun for latest_only to 2024-12-02T00:00:00+00:00, run_after=2024-12-02T04:00:00+00:00
[2024-12-02T05:32:30.459+0000] {processor.py:183} INFO - Processing /home/airflow/.local/lib/python3.8/site-packages/airflow/example_dags/example_latest_only.py took 0.083 seconds
