[2024-12-02T05:31:29.657+0000] {processor.py:161} INFO - Started process (PID=85) to work on /home/airflow/.local/lib/python3.8/site-packages/airflow/example_dags/example_dynamic_task_mapping_with_no_taskflow_operators.py
[2024-12-02T05:31:29.658+0000] {processor.py:830} INFO - Processing file /home/airflow/.local/lib/python3.8/site-packages/airflow/example_dags/example_dynamic_task_mapping_with_no_taskflow_operators.py for tasks to queue
[2024-12-02T05:31:29.661+0000] {logging_mixin.py:188} INFO - [2024-12-02T05:31:29.660+0000] {dagbag.py:538} INFO - Filling up the DagBag from /home/airflow/.local/lib/python3.8/site-packages/airflow/example_dags/example_dynamic_task_mapping_with_no_taskflow_operators.py
[2024-12-02T05:31:29.667+0000] {processor.py:840} INFO - DAG(s) 'example_dynamic_task_mapping_with_no_taskflow_operators' retrieved from /home/airflow/.local/lib/python3.8/site-packages/airflow/example_dags/example_dynamic_task_mapping_with_no_taskflow_operators.py
[2024-12-02T05:31:29.751+0000] {logging_mixin.py:188} INFO - [2024-12-02T05:31:29.751+0000] {override.py:1769} INFO - Created Permission View: can read on DAG:example_dynamic_task_mapping_with_no_taskflow_operators
[2024-12-02T05:31:29.761+0000] {logging_mixin.py:188} INFO - [2024-12-02T05:31:29.761+0000] {override.py:1769} INFO - Created Permission View: can delete on DAG:example_dynamic_task_mapping_with_no_taskflow_operators
[2024-12-02T05:31:29.769+0000] {logging_mixin.py:188} INFO - [2024-12-02T05:31:29.769+0000] {override.py:1769} INFO - Created Permission View: can edit on DAG:example_dynamic_task_mapping_with_no_taskflow_operators
[2024-12-02T05:31:29.770+0000] {logging_mixin.py:188} INFO - [2024-12-02T05:31:29.770+0000] {dag.py:3033} INFO - Sync 1 DAGs
[2024-12-02T05:31:29.779+0000] {logging_mixin.py:188} INFO - [2024-12-02T05:31:29.779+0000] {dag.py:3055} INFO - Creating ORM DAG for example_dynamic_task_mapping_with_no_taskflow_operators
[2024-12-02T05:31:29.787+0000] {logging_mixin.py:188} INFO - [2024-12-02T05:31:29.787+0000] {dag.py:3820} INFO - Setting next_dagrun for example_dynamic_task_mapping_with_no_taskflow_operators to 2024-12-01T00:00:00+00:00, run_after=2024-12-02T00:00:00+00:00
[2024-12-02T05:31:29.804+0000] {processor.py:183} INFO - Processing /home/airflow/.local/lib/python3.8/site-packages/airflow/example_dags/example_dynamic_task_mapping_with_no_taskflow_operators.py took 0.149 seconds
[2024-12-02T05:32:00.037+0000] {processor.py:161} INFO - Started process (PID=142) to work on /home/airflow/.local/lib/python3.8/site-packages/airflow/example_dags/example_dynamic_task_mapping_with_no_taskflow_operators.py
[2024-12-02T05:32:00.038+0000] {processor.py:830} INFO - Processing file /home/airflow/.local/lib/python3.8/site-packages/airflow/example_dags/example_dynamic_task_mapping_with_no_taskflow_operators.py for tasks to queue
[2024-12-02T05:32:00.040+0000] {logging_mixin.py:188} INFO - [2024-12-02T05:32:00.040+0000] {dagbag.py:538} INFO - Filling up the DagBag from /home/airflow/.local/lib/python3.8/site-packages/airflow/example_dags/example_dynamic_task_mapping_with_no_taskflow_operators.py
[2024-12-02T05:32:00.045+0000] {processor.py:840} INFO - DAG(s) 'example_dynamic_task_mapping_with_no_taskflow_operators' retrieved from /home/airflow/.local/lib/python3.8/site-packages/airflow/example_dags/example_dynamic_task_mapping_with_no_taskflow_operators.py
[2024-12-02T05:32:00.063+0000] {logging_mixin.py:188} INFO - [2024-12-02T05:32:00.062+0000] {dag.py:3033} INFO - Sync 1 DAGs
[2024-12-02T05:32:00.084+0000] {logging_mixin.py:188} INFO - [2024-12-02T05:32:00.084+0000] {dag.py:3820} INFO - Setting next_dagrun for example_dynamic_task_mapping_with_no_taskflow_operators to 2024-12-01T00:00:00+00:00, run_after=2024-12-02T00:00:00+00:00
[2024-12-02T05:32:00.105+0000] {processor.py:183} INFO - Processing /home/airflow/.local/lib/python3.8/site-packages/airflow/example_dags/example_dynamic_task_mapping_with_no_taskflow_operators.py took 0.071 seconds
[2024-12-02T05:32:30.489+0000] {processor.py:161} INFO - Started process (PID=199) to work on /home/airflow/.local/lib/python3.8/site-packages/airflow/example_dags/example_dynamic_task_mapping_with_no_taskflow_operators.py
[2024-12-02T05:32:30.490+0000] {processor.py:830} INFO - Processing file /home/airflow/.local/lib/python3.8/site-packages/airflow/example_dags/example_dynamic_task_mapping_with_no_taskflow_operators.py for tasks to queue
[2024-12-02T05:32:30.494+0000] {logging_mixin.py:188} INFO - [2024-12-02T05:32:30.494+0000] {dagbag.py:538} INFO - Filling up the DagBag from /home/airflow/.local/lib/python3.8/site-packages/airflow/example_dags/example_dynamic_task_mapping_with_no_taskflow_operators.py
[2024-12-02T05:32:30.501+0000] {processor.py:840} INFO - DAG(s) 'example_dynamic_task_mapping_with_no_taskflow_operators' retrieved from /home/airflow/.local/lib/python3.8/site-packages/airflow/example_dags/example_dynamic_task_mapping_with_no_taskflow_operators.py
[2024-12-02T05:32:30.522+0000] {logging_mixin.py:188} INFO - [2024-12-02T05:32:30.522+0000] {dag.py:3033} INFO - Sync 1 DAGs
[2024-12-02T05:32:30.544+0000] {logging_mixin.py:188} INFO - [2024-12-02T05:32:30.544+0000] {dag.py:3820} INFO - Setting next_dagrun for example_dynamic_task_mapping_with_no_taskflow_operators to 2024-12-01T00:00:00+00:00, run_after=2024-12-02T00:00:00+00:00
[2024-12-02T05:32:30.569+0000] {processor.py:183} INFO - Processing /home/airflow/.local/lib/python3.8/site-packages/airflow/example_dags/example_dynamic_task_mapping_with_no_taskflow_operators.py took 0.083 seconds
