[2024-12-02T05:31:26.475+0000] {processor.py:161} INFO - Started process (PID=59) to work on /home/airflow/.local/lib/python3.8/site-packages/airflow/example_dags/example_external_task_marker_dag.py
[2024-12-02T05:31:26.476+0000] {processor.py:830} INFO - Processing file /home/airflow/.local/lib/python3.8/site-packages/airflow/example_dags/example_external_task_marker_dag.py for tasks to queue
[2024-12-02T05:31:26.478+0000] {logging_mixin.py:188} INFO - [2024-12-02T05:31:26.478+0000] {dagbag.py:538} INFO - Filling up the DagBag from /home/airflow/.local/lib/python3.8/site-packages/airflow/example_dags/example_external_task_marker_dag.py
[2024-12-02T05:31:26.484+0000] {processor.py:840} INFO - DAG(s) 'example_external_task_marker_parent', 'example_external_task_marker_child' retrieved from /home/airflow/.local/lib/python3.8/site-packages/airflow/example_dags/example_external_task_marker_dag.py
[2024-12-02T05:31:26.614+0000] {logging_mixin.py:188} INFO - [2024-12-02T05:31:26.612+0000] {override.py:1769} INFO - Created Permission View: can read on DAG:example_external_task_marker_parent
[2024-12-02T05:31:26.628+0000] {logging_mixin.py:188} INFO - [2024-12-02T05:31:26.627+0000] {override.py:1769} INFO - Created Permission View: can delete on DAG:example_external_task_marker_parent
[2024-12-02T05:31:26.639+0000] {logging_mixin.py:188} INFO - [2024-12-02T05:31:26.639+0000] {override.py:1769} INFO - Created Permission View: can edit on DAG:example_external_task_marker_parent
[2024-12-02T05:31:26.660+0000] {logging_mixin.py:188} INFO - [2024-12-02T05:31:26.660+0000] {override.py:1769} INFO - Created Permission View: can read on DAG:example_external_task_marker_child
[2024-12-02T05:31:26.669+0000] {logging_mixin.py:188} INFO - [2024-12-02T05:31:26.668+0000] {override.py:1769} INFO - Created Permission View: can delete on DAG:example_external_task_marker_child
[2024-12-02T05:31:26.677+0000] {logging_mixin.py:188} INFO - [2024-12-02T05:31:26.676+0000] {override.py:1769} INFO - Created Permission View: can edit on DAG:example_external_task_marker_child
[2024-12-02T05:31:26.677+0000] {logging_mixin.py:188} INFO - [2024-12-02T05:31:26.677+0000] {dag.py:3033} INFO - Sync 2 DAGs
[2024-12-02T05:31:26.689+0000] {logging_mixin.py:188} INFO - [2024-12-02T05:31:26.689+0000] {dag.py:3055} INFO - Creating ORM DAG for example_external_task_marker_child
[2024-12-02T05:31:26.690+0000] {logging_mixin.py:188} INFO - [2024-12-02T05:31:26.690+0000] {dag.py:3055} INFO - Creating ORM DAG for example_external_task_marker_parent
[2024-12-02T05:31:26.691+0000] {logging_mixin.py:188} INFO - [2024-12-02T05:31:26.690+0000] {dag.py:3820} INFO - Setting next_dagrun for example_external_task_marker_child to None, run_after=None
[2024-12-02T05:31:26.691+0000] {logging_mixin.py:188} INFO - [2024-12-02T05:31:26.691+0000] {dag.py:3820} INFO - Setting next_dagrun for example_external_task_marker_parent to None, run_after=None
[2024-12-02T05:31:26.715+0000] {processor.py:183} INFO - Processing /home/airflow/.local/lib/python3.8/site-packages/airflow/example_dags/example_external_task_marker_dag.py took 0.243 seconds
[2024-12-02T05:31:56.755+0000] {processor.py:161} INFO - Started process (PID=116) to work on /home/airflow/.local/lib/python3.8/site-packages/airflow/example_dags/example_external_task_marker_dag.py
[2024-12-02T05:31:56.756+0000] {processor.py:830} INFO - Processing file /home/airflow/.local/lib/python3.8/site-packages/airflow/example_dags/example_external_task_marker_dag.py for tasks to queue
[2024-12-02T05:31:56.758+0000] {logging_mixin.py:188} INFO - [2024-12-02T05:31:56.758+0000] {dagbag.py:538} INFO - Filling up the DagBag from /home/airflow/.local/lib/python3.8/site-packages/airflow/example_dags/example_external_task_marker_dag.py
[2024-12-02T05:31:56.762+0000] {processor.py:840} INFO - DAG(s) 'example_external_task_marker_parent', 'example_external_task_marker_child' retrieved from /home/airflow/.local/lib/python3.8/site-packages/airflow/example_dags/example_external_task_marker_dag.py
[2024-12-02T05:31:56.785+0000] {logging_mixin.py:188} INFO - [2024-12-02T05:31:56.785+0000] {dag.py:3033} INFO - Sync 2 DAGs
[2024-12-02T05:31:56.796+0000] {logging_mixin.py:188} INFO - [2024-12-02T05:31:56.796+0000] {dag.py:3820} INFO - Setting next_dagrun for example_external_task_marker_child to None, run_after=None
[2024-12-02T05:31:56.799+0000] {logging_mixin.py:188} INFO - [2024-12-02T05:31:56.799+0000] {dag.py:3820} INFO - Setting next_dagrun for example_external_task_marker_parent to None, run_after=None
[2024-12-02T05:31:56.814+0000] {processor.py:183} INFO - Processing /home/airflow/.local/lib/python3.8/site-packages/airflow/example_dags/example_external_task_marker_dag.py took 0.062 seconds
[2024-12-02T05:32:26.926+0000] {processor.py:161} INFO - Started process (PID=173) to work on /home/airflow/.local/lib/python3.8/site-packages/airflow/example_dags/example_external_task_marker_dag.py
[2024-12-02T05:32:26.928+0000] {processor.py:830} INFO - Processing file /home/airflow/.local/lib/python3.8/site-packages/airflow/example_dags/example_external_task_marker_dag.py for tasks to queue
[2024-12-02T05:32:26.930+0000] {logging_mixin.py:188} INFO - [2024-12-02T05:32:26.930+0000] {dagbag.py:538} INFO - Filling up the DagBag from /home/airflow/.local/lib/python3.8/site-packages/airflow/example_dags/example_external_task_marker_dag.py
[2024-12-02T05:32:26.936+0000] {processor.py:840} INFO - DAG(s) 'example_external_task_marker_child', 'example_external_task_marker_parent' retrieved from /home/airflow/.local/lib/python3.8/site-packages/airflow/example_dags/example_external_task_marker_dag.py
[2024-12-02T05:32:26.959+0000] {logging_mixin.py:188} INFO - [2024-12-02T05:32:26.958+0000] {dag.py:3033} INFO - Sync 2 DAGs
[2024-12-02T05:32:26.971+0000] {logging_mixin.py:188} INFO - [2024-12-02T05:32:26.971+0000] {dag.py:3820} INFO - Setting next_dagrun for example_external_task_marker_child to None, run_after=None
[2024-12-02T05:32:26.975+0000] {logging_mixin.py:188} INFO - [2024-12-02T05:32:26.975+0000] {dag.py:3820} INFO - Setting next_dagrun for example_external_task_marker_parent to None, run_after=None
[2024-12-02T05:32:26.992+0000] {processor.py:183} INFO - Processing /home/airflow/.local/lib/python3.8/site-packages/airflow/example_dags/example_external_task_marker_dag.py took 0.069 seconds
