[2024-12-02T05:31:28.296+0000] {processor.py:161} INFO - Started process (PID=73) to work on /home/airflow/.local/lib/python3.8/site-packages/airflow/example_dags/example_branch_operator_decorator.py
[2024-12-02T05:31:28.297+0000] {processor.py:830} INFO - Processing file /home/airflow/.local/lib/python3.8/site-packages/airflow/example_dags/example_branch_operator_decorator.py for tasks to queue
[2024-12-02T05:31:28.299+0000] {logging_mixin.py:188} INFO - [2024-12-02T05:31:28.298+0000] {dagbag.py:538} INFO - Filling up the DagBag from /home/airflow/.local/lib/python3.8/site-packages/airflow/example_dags/example_branch_operator_decorator.py
[2024-12-02T05:31:28.313+0000] {processor.py:840} INFO - DAG(s) 'example_branch_python_operator_decorator' retrieved from /home/airflow/.local/lib/python3.8/site-packages/airflow/example_dags/example_branch_operator_decorator.py
[2024-12-02T05:31:28.421+0000] {logging_mixin.py:188} INFO - [2024-12-02T05:31:28.420+0000] {override.py:1769} INFO - Created Permission View: can read on DAG:example_branch_python_operator_decorator
[2024-12-02T05:31:28.435+0000] {logging_mixin.py:188} INFO - [2024-12-02T05:31:28.435+0000] {override.py:1769} INFO - Created Permission View: can delete on DAG:example_branch_python_operator_decorator
[2024-12-02T05:31:28.448+0000] {logging_mixin.py:188} INFO - [2024-12-02T05:31:28.447+0000] {override.py:1769} INFO - Created Permission View: can edit on DAG:example_branch_python_operator_decorator
[2024-12-02T05:31:28.449+0000] {logging_mixin.py:188} INFO - [2024-12-02T05:31:28.448+0000] {dag.py:3033} INFO - Sync 1 DAGs
[2024-12-02T05:31:28.461+0000] {logging_mixin.py:188} INFO - [2024-12-02T05:31:28.461+0000] {dag.py:3055} INFO - Creating ORM DAG for example_branch_python_operator_decorator
[2024-12-02T05:31:28.472+0000] {logging_mixin.py:188} INFO - [2024-12-02T05:31:28.472+0000] {dag.py:3820} INFO - Setting next_dagrun for example_branch_python_operator_decorator to 2024-12-01T00:00:00+00:00, run_after=2024-12-02T00:00:00+00:00
[2024-12-02T05:31:28.494+0000] {processor.py:183} INFO - Processing /home/airflow/.local/lib/python3.8/site-packages/airflow/example_dags/example_branch_operator_decorator.py took 0.200 seconds
[2024-12-02T05:31:58.556+0000] {processor.py:161} INFO - Started process (PID=130) to work on /home/airflow/.local/lib/python3.8/site-packages/airflow/example_dags/example_branch_operator_decorator.py
[2024-12-02T05:31:58.557+0000] {processor.py:830} INFO - Processing file /home/airflow/.local/lib/python3.8/site-packages/airflow/example_dags/example_branch_operator_decorator.py for tasks to queue
[2024-12-02T05:31:58.560+0000] {logging_mixin.py:188} INFO - [2024-12-02T05:31:58.560+0000] {dagbag.py:538} INFO - Filling up the DagBag from /home/airflow/.local/lib/python3.8/site-packages/airflow/example_dags/example_branch_operator_decorator.py
[2024-12-02T05:31:58.576+0000] {processor.py:840} INFO - DAG(s) 'example_branch_python_operator_decorator' retrieved from /home/airflow/.local/lib/python3.8/site-packages/airflow/example_dags/example_branch_operator_decorator.py
[2024-12-02T05:31:58.609+0000] {logging_mixin.py:188} INFO - [2024-12-02T05:31:58.609+0000] {dag.py:3033} INFO - Sync 1 DAGs
[2024-12-02T05:31:58.631+0000] {logging_mixin.py:188} INFO - [2024-12-02T05:31:58.631+0000] {dag.py:3820} INFO - Setting next_dagrun for example_branch_python_operator_decorator to 2024-12-01T00:00:00+00:00, run_after=2024-12-02T00:00:00+00:00
[2024-12-02T05:31:58.653+0000] {processor.py:183} INFO - Processing /home/airflow/.local/lib/python3.8/site-packages/airflow/example_dags/example_branch_operator_decorator.py took 0.100 seconds
[2024-12-02T05:32:28.883+0000] {processor.py:161} INFO - Started process (PID=187) to work on /home/airflow/.local/lib/python3.8/site-packages/airflow/example_dags/example_branch_operator_decorator.py
[2024-12-02T05:32:28.885+0000] {processor.py:830} INFO - Processing file /home/airflow/.local/lib/python3.8/site-packages/airflow/example_dags/example_branch_operator_decorator.py for tasks to queue
[2024-12-02T05:32:28.887+0000] {logging_mixin.py:188} INFO - [2024-12-02T05:32:28.887+0000] {dagbag.py:538} INFO - Filling up the DagBag from /home/airflow/.local/lib/python3.8/site-packages/airflow/example_dags/example_branch_operator_decorator.py
[2024-12-02T05:32:28.908+0000] {processor.py:840} INFO - DAG(s) 'example_branch_python_operator_decorator' retrieved from /home/airflow/.local/lib/python3.8/site-packages/airflow/example_dags/example_branch_operator_decorator.py
[2024-12-02T05:32:28.938+0000] {logging_mixin.py:188} INFO - [2024-12-02T05:32:28.937+0000] {dag.py:3033} INFO - Sync 1 DAGs
[2024-12-02T05:32:28.963+0000] {logging_mixin.py:188} INFO - [2024-12-02T05:32:28.963+0000] {dag.py:3820} INFO - Setting next_dagrun for example_branch_python_operator_decorator to 2024-12-01T00:00:00+00:00, run_after=2024-12-02T00:00:00+00:00
[2024-12-02T05:32:28.985+0000] {processor.py:183} INFO - Processing /home/airflow/.local/lib/python3.8/site-packages/airflow/example_dags/example_branch_operator_decorator.py took 0.105 seconds
