[2024-12-02T05:31:25.278+0000] {processor.py:161} INFO - Started process (PID=50) to work on /home/airflow/.local/lib/python3.8/site-packages/airflow/example_dags/example_sensors.py
[2024-12-02T05:31:25.280+0000] {processor.py:830} INFO - Processing file /home/airflow/.local/lib/python3.8/site-packages/airflow/example_dags/example_sensors.py for tasks to queue
[2024-12-02T05:31:25.281+0000] {logging_mixin.py:188} INFO - [2024-12-02T05:31:25.281+0000] {dagbag.py:538} INFO - Filling up the DagBag from /home/airflow/.local/lib/python3.8/site-packages/airflow/example_dags/example_sensors.py
[2024-12-02T05:31:25.292+0000] {processor.py:840} INFO - DAG(s) 'example_sensors' retrieved from /home/airflow/.local/lib/python3.8/site-packages/airflow/example_dags/example_sensors.py
[2024-12-02T05:31:25.398+0000] {logging_mixin.py:188} INFO - [2024-12-02T05:31:25.397+0000] {override.py:1769} INFO - Created Permission View: can read on DAG:example_sensors
[2024-12-02T05:31:25.411+0000] {logging_mixin.py:188} INFO - [2024-12-02T05:31:25.410+0000] {override.py:1769} INFO - Created Permission View: can delete on DAG:example_sensors
[2024-12-02T05:31:25.421+0000] {logging_mixin.py:188} INFO - [2024-12-02T05:31:25.421+0000] {override.py:1769} INFO - Created Permission View: can edit on DAG:example_sensors
[2024-12-02T05:31:25.422+0000] {logging_mixin.py:188} INFO - [2024-12-02T05:31:25.422+0000] {dag.py:3033} INFO - Sync 1 DAGs
[2024-12-02T05:31:25.432+0000] {logging_mixin.py:188} INFO - [2024-12-02T05:31:25.432+0000] {dag.py:3055} INFO - Creating ORM DAG for example_sensors
[2024-12-02T05:31:25.433+0000] {logging_mixin.py:188} INFO - [2024-12-02T05:31:25.433+0000] {dag.py:3820} INFO - Setting next_dagrun for example_sensors to None, run_after=None
[2024-12-02T05:31:25.455+0000] {processor.py:183} INFO - Processing /home/airflow/.local/lib/python3.8/site-packages/airflow/example_dags/example_sensors.py took 0.179 seconds
[2024-12-02T05:31:56.189+0000] {processor.py:161} INFO - Started process (PID=107) to work on /home/airflow/.local/lib/python3.8/site-packages/airflow/example_dags/example_sensors.py
[2024-12-02T05:31:56.190+0000] {processor.py:830} INFO - Processing file /home/airflow/.local/lib/python3.8/site-packages/airflow/example_dags/example_sensors.py for tasks to queue
[2024-12-02T05:31:56.192+0000] {logging_mixin.py:188} INFO - [2024-12-02T05:31:56.192+0000] {dagbag.py:538} INFO - Filling up the DagBag from /home/airflow/.local/lib/python3.8/site-packages/airflow/example_dags/example_sensors.py
[2024-12-02T05:31:56.199+0000] {processor.py:840} INFO - DAG(s) 'example_sensors' retrieved from /home/airflow/.local/lib/python3.8/site-packages/airflow/example_dags/example_sensors.py
[2024-12-02T05:31:56.221+0000] {logging_mixin.py:188} INFO - [2024-12-02T05:31:56.221+0000] {dag.py:3033} INFO - Sync 1 DAGs
[2024-12-02T05:31:56.231+0000] {logging_mixin.py:188} INFO - [2024-12-02T05:31:56.231+0000] {dag.py:3820} INFO - Setting next_dagrun for example_sensors to None, run_after=None
[2024-12-02T05:31:56.246+0000] {processor.py:183} INFO - Processing /home/airflow/.local/lib/python3.8/site-packages/airflow/example_dags/example_sensors.py took 0.060 seconds
[2024-12-02T05:32:26.320+0000] {processor.py:161} INFO - Started process (PID=164) to work on /home/airflow/.local/lib/python3.8/site-packages/airflow/example_dags/example_sensors.py
[2024-12-02T05:32:26.321+0000] {processor.py:830} INFO - Processing file /home/airflow/.local/lib/python3.8/site-packages/airflow/example_dags/example_sensors.py for tasks to queue
[2024-12-02T05:32:26.323+0000] {logging_mixin.py:188} INFO - [2024-12-02T05:32:26.323+0000] {dagbag.py:538} INFO - Filling up the DagBag from /home/airflow/.local/lib/python3.8/site-packages/airflow/example_dags/example_sensors.py
[2024-12-02T05:32:26.331+0000] {processor.py:840} INFO - DAG(s) 'example_sensors' retrieved from /home/airflow/.local/lib/python3.8/site-packages/airflow/example_dags/example_sensors.py
[2024-12-02T05:32:26.353+0000] {logging_mixin.py:188} INFO - [2024-12-02T05:32:26.353+0000] {dag.py:3033} INFO - Sync 1 DAGs
[2024-12-02T05:32:26.363+0000] {logging_mixin.py:188} INFO - [2024-12-02T05:32:26.363+0000] {dag.py:3820} INFO - Setting next_dagrun for example_sensors to None, run_after=None
[2024-12-02T05:32:26.383+0000] {processor.py:183} INFO - Processing /home/airflow/.local/lib/python3.8/site-packages/airflow/example_dags/example_sensors.py took 0.065 seconds
