[2024-12-02T05:31:27.780+0000] {processor.py:161} INFO - Started process (PID=69) to work on /home/airflow/.local/lib/python3.8/site-packages/airflow/example_dags/example_complex.py
[2024-12-02T05:31:27.781+0000] {processor.py:830} INFO - Processing file /home/airflow/.local/lib/python3.8/site-packages/airflow/example_dags/example_complex.py for tasks to queue
[2024-12-02T05:31:27.783+0000] {logging_mixin.py:188} INFO - [2024-12-02T05:31:27.783+0000] {dagbag.py:538} INFO - Filling up the DagBag from /home/airflow/.local/lib/python3.8/site-packages/airflow/example_dags/example_complex.py
[2024-12-02T05:31:27.795+0000] {processor.py:840} INFO - DAG(s) 'example_complex' retrieved from /home/airflow/.local/lib/python3.8/site-packages/airflow/example_dags/example_complex.py
[2024-12-02T05:31:27.891+0000] {logging_mixin.py:188} INFO - [2024-12-02T05:31:27.890+0000] {override.py:1769} INFO - Created Permission View: can read on DAG:example_complex
[2024-12-02T05:31:27.900+0000] {logging_mixin.py:188} INFO - [2024-12-02T05:31:27.899+0000] {override.py:1769} INFO - Created Permission View: can delete on DAG:example_complex
[2024-12-02T05:31:27.907+0000] {logging_mixin.py:188} INFO - [2024-12-02T05:31:27.906+0000] {override.py:1769} INFO - Created Permission View: can edit on DAG:example_complex
[2024-12-02T05:31:27.907+0000] {logging_mixin.py:188} INFO - [2024-12-02T05:31:27.907+0000] {dag.py:3033} INFO - Sync 1 DAGs
[2024-12-02T05:31:27.917+0000] {logging_mixin.py:188} INFO - [2024-12-02T05:31:27.916+0000] {dag.py:3055} INFO - Creating ORM DAG for example_complex
[2024-12-02T05:31:27.917+0000] {logging_mixin.py:188} INFO - [2024-12-02T05:31:27.917+0000] {dag.py:3820} INFO - Setting next_dagrun for example_complex to None, run_after=None
[2024-12-02T05:31:27.932+0000] {processor.py:183} INFO - Processing /home/airflow/.local/lib/python3.8/site-packages/airflow/example_dags/example_complex.py took 0.155 seconds
[2024-12-02T05:31:58.304+0000] {processor.py:161} INFO - Started process (PID=126) to work on /home/airflow/.local/lib/python3.8/site-packages/airflow/example_dags/example_complex.py
[2024-12-02T05:31:58.305+0000] {processor.py:830} INFO - Processing file /home/airflow/.local/lib/python3.8/site-packages/airflow/example_dags/example_complex.py for tasks to queue
[2024-12-02T05:31:58.307+0000] {logging_mixin.py:188} INFO - [2024-12-02T05:31:58.307+0000] {dagbag.py:538} INFO - Filling up the DagBag from /home/airflow/.local/lib/python3.8/site-packages/airflow/example_dags/example_complex.py
[2024-12-02T05:31:58.317+0000] {processor.py:840} INFO - DAG(s) 'example_complex' retrieved from /home/airflow/.local/lib/python3.8/site-packages/airflow/example_dags/example_complex.py
[2024-12-02T05:31:58.351+0000] {logging_mixin.py:188} INFO - [2024-12-02T05:31:58.351+0000] {dag.py:3033} INFO - Sync 1 DAGs
[2024-12-02T05:31:58.366+0000] {logging_mixin.py:188} INFO - [2024-12-02T05:31:58.366+0000] {dag.py:3820} INFO - Setting next_dagrun for example_complex to None, run_after=None
[2024-12-02T05:31:58.391+0000] {processor.py:183} INFO - Processing /home/airflow/.local/lib/python3.8/site-packages/airflow/example_dags/example_complex.py took 0.091 seconds
[2024-12-02T05:32:28.647+0000] {processor.py:161} INFO - Started process (PID=183) to work on /home/airflow/.local/lib/python3.8/site-packages/airflow/example_dags/example_complex.py
[2024-12-02T05:32:28.648+0000] {processor.py:830} INFO - Processing file /home/airflow/.local/lib/python3.8/site-packages/airflow/example_dags/example_complex.py for tasks to queue
[2024-12-02T05:32:28.650+0000] {logging_mixin.py:188} INFO - [2024-12-02T05:32:28.650+0000] {dagbag.py:538} INFO - Filling up the DagBag from /home/airflow/.local/lib/python3.8/site-packages/airflow/example_dags/example_complex.py
[2024-12-02T05:32:28.659+0000] {processor.py:840} INFO - DAG(s) 'example_complex' retrieved from /home/airflow/.local/lib/python3.8/site-packages/airflow/example_dags/example_complex.py
[2024-12-02T05:32:28.689+0000] {logging_mixin.py:188} INFO - [2024-12-02T05:32:28.689+0000] {dag.py:3033} INFO - Sync 1 DAGs
[2024-12-02T05:32:28.703+0000] {logging_mixin.py:188} INFO - [2024-12-02T05:32:28.702+0000] {dag.py:3820} INFO - Setting next_dagrun for example_complex to None, run_after=None
[2024-12-02T05:32:28.725+0000] {processor.py:183} INFO - Processing /home/airflow/.local/lib/python3.8/site-packages/airflow/example_dags/example_complex.py took 0.081 seconds
