[2024-12-02T05:31:27.779+0000] {processor.py:161} INFO - Started process (PID=68) to work on /home/airflow/.local/lib/python3.8/site-packages/airflow/example_dags/example_sla_dag.py
[2024-12-02T05:31:27.781+0000] {processor.py:830} INFO - Processing file /home/airflow/.local/lib/python3.8/site-packages/airflow/example_dags/example_sla_dag.py for tasks to queue
[2024-12-02T05:31:27.783+0000] {logging_mixin.py:188} INFO - [2024-12-02T05:31:27.783+0000] {dagbag.py:538} INFO - Filling up the DagBag from /home/airflow/.local/lib/python3.8/site-packages/airflow/example_dags/example_sla_dag.py
[2024-12-02T05:31:27.791+0000] {processor.py:840} INFO - DAG(s) 'example_sla_dag' retrieved from /home/airflow/.local/lib/python3.8/site-packages/airflow/example_dags/example_sla_dag.py
[2024-12-02T05:31:27.876+0000] {logging_mixin.py:188} INFO - [2024-12-02T05:31:27.875+0000] {override.py:1769} INFO - Created Permission View: can read on DAG:example_sla_dag
[2024-12-02T05:31:27.885+0000] {logging_mixin.py:188} INFO - [2024-12-02T05:31:27.885+0000] {override.py:1769} INFO - Created Permission View: can delete on DAG:example_sla_dag
[2024-12-02T05:31:27.891+0000] {logging_mixin.py:188} INFO - [2024-12-02T05:31:27.890+0000] {override.py:1769} INFO - Created Permission View: can edit on DAG:example_sla_dag
[2024-12-02T05:31:27.891+0000] {logging_mixin.py:188} INFO - [2024-12-02T05:31:27.891+0000] {dag.py:3033} INFO - Sync 1 DAGs
[2024-12-02T05:31:27.901+0000] {logging_mixin.py:188} INFO - [2024-12-02T05:31:27.900+0000] {dag.py:3055} INFO - Creating ORM DAG for example_sla_dag
[2024-12-02T05:31:27.913+0000] {logging_mixin.py:188} INFO - [2024-12-02T05:31:27.913+0000] {dag.py:3820} INFO - Setting next_dagrun for example_sla_dag to 2024-12-02T05:28:00+00:00, run_after=2024-12-02T05:30:00+00:00
[2024-12-02T05:31:27.927+0000] {processor.py:183} INFO - Processing /home/airflow/.local/lib/python3.8/site-packages/airflow/example_dags/example_sla_dag.py took 0.151 seconds
[2024-12-02T05:31:58.221+0000] {processor.py:161} INFO - Started process (PID=125) to work on /home/airflow/.local/lib/python3.8/site-packages/airflow/example_dags/example_sla_dag.py
[2024-12-02T05:31:58.222+0000] {processor.py:830} INFO - Processing file /home/airflow/.local/lib/python3.8/site-packages/airflow/example_dags/example_sla_dag.py for tasks to queue
[2024-12-02T05:31:58.224+0000] {logging_mixin.py:188} INFO - [2024-12-02T05:31:58.224+0000] {dagbag.py:538} INFO - Filling up the DagBag from /home/airflow/.local/lib/python3.8/site-packages/airflow/example_dags/example_sla_dag.py
[2024-12-02T05:31:58.233+0000] {processor.py:840} INFO - DAG(s) 'example_sla_dag' retrieved from /home/airflow/.local/lib/python3.8/site-packages/airflow/example_dags/example_sla_dag.py
[2024-12-02T05:31:58.258+0000] {logging_mixin.py:188} INFO - [2024-12-02T05:31:58.258+0000] {dag.py:3033} INFO - Sync 1 DAGs
[2024-12-02T05:31:58.288+0000] {logging_mixin.py:188} INFO - [2024-12-02T05:31:58.287+0000] {dag.py:3820} INFO - Setting next_dagrun for example_sla_dag to 2024-12-02T05:28:00+00:00, run_after=2024-12-02T05:30:00+00:00
[2024-12-02T05:31:58.312+0000] {processor.py:183} INFO - Processing /home/airflow/.local/lib/python3.8/site-packages/airflow/example_dags/example_sla_dag.py took 0.095 seconds
[2024-12-02T05:32:28.557+0000] {processor.py:161} INFO - Started process (PID=182) to work on /home/airflow/.local/lib/python3.8/site-packages/airflow/example_dags/example_sla_dag.py
[2024-12-02T05:32:28.558+0000] {processor.py:830} INFO - Processing file /home/airflow/.local/lib/python3.8/site-packages/airflow/example_dags/example_sla_dag.py for tasks to queue
[2024-12-02T05:32:28.560+0000] {logging_mixin.py:188} INFO - [2024-12-02T05:32:28.560+0000] {dagbag.py:538} INFO - Filling up the DagBag from /home/airflow/.local/lib/python3.8/site-packages/airflow/example_dags/example_sla_dag.py
[2024-12-02T05:32:28.567+0000] {processor.py:840} INFO - DAG(s) 'example_sla_dag' retrieved from /home/airflow/.local/lib/python3.8/site-packages/airflow/example_dags/example_sla_dag.py
[2024-12-02T05:32:28.587+0000] {logging_mixin.py:188} INFO - [2024-12-02T05:32:28.587+0000] {dag.py:3033} INFO - Sync 1 DAGs
[2024-12-02T05:32:28.611+0000] {logging_mixin.py:188} INFO - [2024-12-02T05:32:28.611+0000] {dag.py:3820} INFO - Setting next_dagrun for example_sla_dag to 2024-12-02T05:30:00+00:00, run_after=2024-12-02T05:32:00+00:00
[2024-12-02T05:32:28.636+0000] {processor.py:183} INFO - Processing /home/airflow/.local/lib/python3.8/site-packages/airflow/example_dags/example_sla_dag.py took 0.081 seconds
