[2024-12-02T05:31:25.062+0000] {processor.py:161} INFO - Started process (PID=48) to work on /home/airflow/.local/lib/python3.8/site-packages/airflow/example_dags/example_task_group_decorator.py
[2024-12-02T05:31:25.063+0000] {processor.py:830} INFO - Processing file /home/airflow/.local/lib/python3.8/site-packages/airflow/example_dags/example_task_group_decorator.py for tasks to queue
[2024-12-02T05:31:25.065+0000] {logging_mixin.py:188} INFO - [2024-12-02T05:31:25.065+0000] {dagbag.py:538} INFO - Filling up the DagBag from /home/airflow/.local/lib/python3.8/site-packages/airflow/example_dags/example_task_group_decorator.py
[2024-12-02T05:31:25.080+0000] {processor.py:840} INFO - DAG(s) 'example_task_group_decorator' retrieved from /home/airflow/.local/lib/python3.8/site-packages/airflow/example_dags/example_task_group_decorator.py
[2024-12-02T05:31:25.185+0000] {logging_mixin.py:188} INFO - [2024-12-02T05:31:25.185+0000] {override.py:1769} INFO - Created Permission View: can read on DAG:example_task_group_decorator
[2024-12-02T05:31:25.195+0000] {logging_mixin.py:188} INFO - [2024-12-02T05:31:25.195+0000] {override.py:1769} INFO - Created Permission View: can delete on DAG:example_task_group_decorator
[2024-12-02T05:31:25.203+0000] {logging_mixin.py:188} INFO - [2024-12-02T05:31:25.202+0000] {override.py:1769} INFO - Created Permission View: can edit on DAG:example_task_group_decorator
[2024-12-02T05:31:25.203+0000] {logging_mixin.py:188} INFO - [2024-12-02T05:31:25.203+0000] {dag.py:3033} INFO - Sync 1 DAGs
[2024-12-02T05:31:25.214+0000] {logging_mixin.py:188} INFO - [2024-12-02T05:31:25.214+0000] {dag.py:3055} INFO - Creating ORM DAG for example_task_group_decorator
[2024-12-02T05:31:25.224+0000] {logging_mixin.py:188} INFO - [2024-12-02T05:31:25.224+0000] {dag.py:3820} INFO - Setting next_dagrun for example_task_group_decorator to 2024-12-01T00:00:00+00:00, run_after=2024-12-02T00:00:00+00:00
[2024-12-02T05:31:25.244+0000] {processor.py:183} INFO - Processing /home/airflow/.local/lib/python3.8/site-packages/airflow/example_dags/example_task_group_decorator.py took 0.184 seconds
[2024-12-02T05:31:55.994+0000] {processor.py:161} INFO - Started process (PID=105) to work on /home/airflow/.local/lib/python3.8/site-packages/airflow/example_dags/example_task_group_decorator.py
[2024-12-02T05:31:55.995+0000] {processor.py:830} INFO - Processing file /home/airflow/.local/lib/python3.8/site-packages/airflow/example_dags/example_task_group_decorator.py for tasks to queue
[2024-12-02T05:31:55.997+0000] {logging_mixin.py:188} INFO - [2024-12-02T05:31:55.997+0000] {dagbag.py:538} INFO - Filling up the DagBag from /home/airflow/.local/lib/python3.8/site-packages/airflow/example_dags/example_task_group_decorator.py
[2024-12-02T05:31:56.008+0000] {processor.py:840} INFO - DAG(s) 'example_task_group_decorator' retrieved from /home/airflow/.local/lib/python3.8/site-packages/airflow/example_dags/example_task_group_decorator.py
[2024-12-02T05:31:56.031+0000] {logging_mixin.py:188} INFO - [2024-12-02T05:31:56.031+0000] {dag.py:3033} INFO - Sync 1 DAGs
[2024-12-02T05:31:56.051+0000] {logging_mixin.py:188} INFO - [2024-12-02T05:31:56.051+0000] {dag.py:3820} INFO - Setting next_dagrun for example_task_group_decorator to 2024-12-01T00:00:00+00:00, run_after=2024-12-02T00:00:00+00:00
[2024-12-02T05:31:56.069+0000] {processor.py:183} INFO - Processing /home/airflow/.local/lib/python3.8/site-packages/airflow/example_dags/example_task_group_decorator.py took 0.078 seconds
[2024-12-02T05:32:26.108+0000] {processor.py:161} INFO - Started process (PID=160) to work on /home/airflow/.local/lib/python3.8/site-packages/airflow/example_dags/example_task_group_decorator.py
[2024-12-02T05:32:26.108+0000] {processor.py:830} INFO - Processing file /home/airflow/.local/lib/python3.8/site-packages/airflow/example_dags/example_task_group_decorator.py for tasks to queue
[2024-12-02T05:32:26.111+0000] {logging_mixin.py:188} INFO - [2024-12-02T05:32:26.110+0000] {dagbag.py:538} INFO - Filling up the DagBag from /home/airflow/.local/lib/python3.8/site-packages/airflow/example_dags/example_task_group_decorator.py
[2024-12-02T05:32:26.121+0000] {processor.py:840} INFO - DAG(s) 'example_task_group_decorator' retrieved from /home/airflow/.local/lib/python3.8/site-packages/airflow/example_dags/example_task_group_decorator.py
[2024-12-02T05:32:26.144+0000] {logging_mixin.py:188} INFO - [2024-12-02T05:32:26.143+0000] {dag.py:3033} INFO - Sync 1 DAGs
[2024-12-02T05:32:26.163+0000] {logging_mixin.py:188} INFO - [2024-12-02T05:32:26.163+0000] {dag.py:3820} INFO - Setting next_dagrun for example_task_group_decorator to 2024-12-01T00:00:00+00:00, run_after=2024-12-02T00:00:00+00:00
[2024-12-02T05:32:26.182+0000] {processor.py:183} INFO - Processing /home/airflow/.local/lib/python3.8/site-packages/airflow/example_dags/example_task_group_decorator.py took 0.076 seconds
