[2024-12-02T05:31:27.000+0000] {processor.py:161} INFO - Started process (PID=63) to work on /home/airflow/.local/lib/python3.8/site-packages/airflow/example_dags/example_trigger_controller_dag.py
[2024-12-02T05:31:27.001+0000] {processor.py:830} INFO - Processing file /home/airflow/.local/lib/python3.8/site-packages/airflow/example_dags/example_trigger_controller_dag.py for tasks to queue
[2024-12-02T05:31:27.003+0000] {logging_mixin.py:188} INFO - [2024-12-02T05:31:27.003+0000] {dagbag.py:538} INFO - Filling up the DagBag from /home/airflow/.local/lib/python3.8/site-packages/airflow/example_dags/example_trigger_controller_dag.py
[2024-12-02T05:31:27.007+0000] {processor.py:840} INFO - DAG(s) 'example_trigger_controller_dag' retrieved from /home/airflow/.local/lib/python3.8/site-packages/airflow/example_dags/example_trigger_controller_dag.py
[2024-12-02T05:31:27.099+0000] {logging_mixin.py:188} INFO - [2024-12-02T05:31:27.098+0000] {override.py:1769} INFO - Created Permission View: can read on DAG:example_trigger_controller_dag
[2024-12-02T05:31:27.111+0000] {logging_mixin.py:188} INFO - [2024-12-02T05:31:27.110+0000] {override.py:1769} INFO - Created Permission View: can delete on DAG:example_trigger_controller_dag
[2024-12-02T05:31:27.119+0000] {logging_mixin.py:188} INFO - [2024-12-02T05:31:27.118+0000] {override.py:1769} INFO - Created Permission View: can edit on DAG:example_trigger_controller_dag
[2024-12-02T05:31:27.119+0000] {logging_mixin.py:188} INFO - [2024-12-02T05:31:27.119+0000] {dag.py:3033} INFO - Sync 1 DAGs
[2024-12-02T05:31:27.129+0000] {logging_mixin.py:188} INFO - [2024-12-02T05:31:27.129+0000] {dag.py:3055} INFO - Creating ORM DAG for example_trigger_controller_dag
[2024-12-02T05:31:27.138+0000] {logging_mixin.py:188} INFO - [2024-12-02T05:31:27.137+0000] {dag.py:3820} INFO - Setting next_dagrun for example_trigger_controller_dag to 2021-01-01T00:00:00+00:00, run_after=2021-01-01T00:00:00+00:00
[2024-12-02T05:31:27.156+0000] {processor.py:183} INFO - Processing /home/airflow/.local/lib/python3.8/site-packages/airflow/example_dags/example_trigger_controller_dag.py took 0.159 seconds
[2024-12-02T05:31:57.974+0000] {processor.py:161} INFO - Started process (PID=120) to work on /home/airflow/.local/lib/python3.8/site-packages/airflow/example_dags/example_trigger_controller_dag.py
[2024-12-02T05:31:57.975+0000] {processor.py:830} INFO - Processing file /home/airflow/.local/lib/python3.8/site-packages/airflow/example_dags/example_trigger_controller_dag.py for tasks to queue
[2024-12-02T05:31:57.977+0000] {logging_mixin.py:188} INFO - [2024-12-02T05:31:57.977+0000] {dagbag.py:538} INFO - Filling up the DagBag from /home/airflow/.local/lib/python3.8/site-packages/airflow/example_dags/example_trigger_controller_dag.py
[2024-12-02T05:31:57.981+0000] {processor.py:840} INFO - DAG(s) 'example_trigger_controller_dag' retrieved from /home/airflow/.local/lib/python3.8/site-packages/airflow/example_dags/example_trigger_controller_dag.py
[2024-12-02T05:31:58.006+0000] {logging_mixin.py:188} INFO - [2024-12-02T05:31:58.005+0000] {dag.py:3033} INFO - Sync 1 DAGs
[2024-12-02T05:31:58.029+0000] {logging_mixin.py:188} INFO - [2024-12-02T05:31:58.028+0000] {dag.py:3820} INFO - Setting next_dagrun for example_trigger_controller_dag to 2021-01-01T00:00:00+00:00, run_after=2021-01-01T00:00:00+00:00
[2024-12-02T05:31:58.052+0000] {processor.py:183} INFO - Processing /home/airflow/.local/lib/python3.8/site-packages/airflow/example_dags/example_trigger_controller_dag.py took 0.082 seconds
[2024-12-02T05:32:28.232+0000] {processor.py:161} INFO - Started process (PID=177) to work on /home/airflow/.local/lib/python3.8/site-packages/airflow/example_dags/example_trigger_controller_dag.py
[2024-12-02T05:32:28.233+0000] {processor.py:830} INFO - Processing file /home/airflow/.local/lib/python3.8/site-packages/airflow/example_dags/example_trigger_controller_dag.py for tasks to queue
[2024-12-02T05:32:28.235+0000] {logging_mixin.py:188} INFO - [2024-12-02T05:32:28.235+0000] {dagbag.py:538} INFO - Filling up the DagBag from /home/airflow/.local/lib/python3.8/site-packages/airflow/example_dags/example_trigger_controller_dag.py
[2024-12-02T05:32:28.239+0000] {processor.py:840} INFO - DAG(s) 'example_trigger_controller_dag' retrieved from /home/airflow/.local/lib/python3.8/site-packages/airflow/example_dags/example_trigger_controller_dag.py
[2024-12-02T05:32:28.262+0000] {logging_mixin.py:188} INFO - [2024-12-02T05:32:28.262+0000] {dag.py:3033} INFO - Sync 1 DAGs
[2024-12-02T05:32:28.285+0000] {logging_mixin.py:188} INFO - [2024-12-02T05:32:28.284+0000] {dag.py:3820} INFO - Setting next_dagrun for example_trigger_controller_dag to 2021-01-01T00:00:00+00:00, run_after=2021-01-01T00:00:00+00:00
[2024-12-02T05:32:28.306+0000] {processor.py:183} INFO - Processing /home/airflow/.local/lib/python3.8/site-packages/airflow/example_dags/example_trigger_controller_dag.py took 0.077 seconds
