[2024-12-02T05:31:26.910+0000] {processor.py:161} INFO - Started process (PID=62) to work on /home/airflow/.local/lib/python3.8/site-packages/airflow/example_dags/example_branch_python_dop_operator_3.py
[2024-12-02T05:31:26.911+0000] {processor.py:830} INFO - Processing file /home/airflow/.local/lib/python3.8/site-packages/airflow/example_dags/example_branch_python_dop_operator_3.py for tasks to queue
[2024-12-02T05:31:26.914+0000] {logging_mixin.py:188} INFO - [2024-12-02T05:31:26.913+0000] {dagbag.py:538} INFO - Filling up the DagBag from /home/airflow/.local/lib/python3.8/site-packages/airflow/example_dags/example_branch_python_dop_operator_3.py
[2024-12-02T05:31:26.923+0000] {processor.py:840} INFO - DAG(s) 'example_branch_dop_operator_v3' retrieved from /home/airflow/.local/lib/python3.8/site-packages/airflow/example_dags/example_branch_python_dop_operator_3.py
[2024-12-02T05:31:27.015+0000] {logging_mixin.py:188} INFO - [2024-12-02T05:31:27.015+0000] {override.py:1769} INFO - Created Permission View: can read on DAG:example_branch_dop_operator_v3
[2024-12-02T05:31:27.026+0000] {logging_mixin.py:188} INFO - [2024-12-02T05:31:27.025+0000] {override.py:1769} INFO - Created Permission View: can delete on DAG:example_branch_dop_operator_v3
[2024-12-02T05:31:27.033+0000] {logging_mixin.py:188} INFO - [2024-12-02T05:31:27.033+0000] {override.py:1769} INFO - Created Permission View: can edit on DAG:example_branch_dop_operator_v3
[2024-12-02T05:31:27.034+0000] {logging_mixin.py:188} INFO - [2024-12-02T05:31:27.033+0000] {dag.py:3033} INFO - Sync 1 DAGs
[2024-12-02T05:31:27.045+0000] {logging_mixin.py:188} INFO - [2024-12-02T05:31:27.044+0000] {dag.py:3055} INFO - Creating ORM DAG for example_branch_dop_operator_v3
[2024-12-02T05:31:27.062+0000] {logging_mixin.py:188} INFO - [2024-12-02T05:31:27.062+0000] {dag.py:3820} INFO - Setting next_dagrun for example_branch_dop_operator_v3 to 2024-12-02T05:30:00+00:00, run_after=2024-12-02T05:31:00+00:00
[2024-12-02T05:31:27.081+0000] {processor.py:183} INFO - Processing /home/airflow/.local/lib/python3.8/site-packages/airflow/example_dags/example_branch_python_dop_operator_3.py took 0.174 seconds
[2024-12-02T05:31:57.866+0000] {processor.py:161} INFO - Started process (PID=119) to work on /home/airflow/.local/lib/python3.8/site-packages/airflow/example_dags/example_branch_python_dop_operator_3.py
[2024-12-02T05:31:57.868+0000] {processor.py:830} INFO - Processing file /home/airflow/.local/lib/python3.8/site-packages/airflow/example_dags/example_branch_python_dop_operator_3.py for tasks to queue
[2024-12-02T05:31:57.871+0000] {logging_mixin.py:188} INFO - [2024-12-02T05:31:57.870+0000] {dagbag.py:538} INFO - Filling up the DagBag from /home/airflow/.local/lib/python3.8/site-packages/airflow/example_dags/example_branch_python_dop_operator_3.py
[2024-12-02T05:31:57.878+0000] {processor.py:840} INFO - DAG(s) 'example_branch_dop_operator_v3' retrieved from /home/airflow/.local/lib/python3.8/site-packages/airflow/example_dags/example_branch_python_dop_operator_3.py
[2024-12-02T05:31:57.896+0000] {logging_mixin.py:188} INFO - [2024-12-02T05:31:57.896+0000] {dag.py:3033} INFO - Sync 1 DAGs
[2024-12-02T05:31:57.920+0000] {logging_mixin.py:188} INFO - [2024-12-02T05:31:57.919+0000] {dag.py:3820} INFO - Setting next_dagrun for example_branch_dop_operator_v3 to 2024-12-02T05:30:00+00:00, run_after=2024-12-02T05:31:00+00:00
[2024-12-02T05:31:57.941+0000] {processor.py:183} INFO - Processing /home/airflow/.local/lib/python3.8/site-packages/airflow/example_dags/example_branch_python_dop_operator_3.py took 0.077 seconds
[2024-12-02T05:32:28.112+0000] {processor.py:161} INFO - Started process (PID=176) to work on /home/airflow/.local/lib/python3.8/site-packages/airflow/example_dags/example_branch_python_dop_operator_3.py
[2024-12-02T05:32:28.113+0000] {processor.py:830} INFO - Processing file /home/airflow/.local/lib/python3.8/site-packages/airflow/example_dags/example_branch_python_dop_operator_3.py for tasks to queue
[2024-12-02T05:32:28.116+0000] {logging_mixin.py:188} INFO - [2024-12-02T05:32:28.115+0000] {dagbag.py:538} INFO - Filling up the DagBag from /home/airflow/.local/lib/python3.8/site-packages/airflow/example_dags/example_branch_python_dop_operator_3.py
[2024-12-02T05:32:28.122+0000] {processor.py:840} INFO - DAG(s) 'example_branch_dop_operator_v3' retrieved from /home/airflow/.local/lib/python3.8/site-packages/airflow/example_dags/example_branch_python_dop_operator_3.py
[2024-12-02T05:32:28.142+0000] {logging_mixin.py:188} INFO - [2024-12-02T05:32:28.142+0000] {dag.py:3033} INFO - Sync 1 DAGs
[2024-12-02T05:32:28.168+0000] {logging_mixin.py:188} INFO - [2024-12-02T05:32:28.167+0000] {dag.py:3820} INFO - Setting next_dagrun for example_branch_dop_operator_v3 to 2024-12-02T05:31:00+00:00, run_after=2024-12-02T05:32:00+00:00
[2024-12-02T05:32:28.195+0000] {processor.py:183} INFO - Processing /home/airflow/.local/lib/python3.8/site-packages/airflow/example_dags/example_branch_python_dop_operator_3.py took 0.086 seconds
