[2024-12-02T05:31:24.595+0000] {processor.py:161} INFO - Started process (PID=46) to work on /home/airflow/.local/lib/python3.8/site-packages/airflow/example_dags/example_params_ui_tutorial.py
[2024-12-02T05:31:24.596+0000] {processor.py:830} INFO - Processing file /home/airflow/.local/lib/python3.8/site-packages/airflow/example_dags/example_params_ui_tutorial.py for tasks to queue
[2024-12-02T05:31:24.598+0000] {logging_mixin.py:188} INFO - [2024-12-02T05:31:24.597+0000] {dagbag.py:538} INFO - Filling up the DagBag from /home/airflow/.local/lib/python3.8/site-packages/airflow/example_dags/example_params_ui_tutorial.py
[2024-12-02T05:31:24.615+0000] {processor.py:840} INFO - DAG(s) 'example_params_ui_tutorial' retrieved from /home/airflow/.local/lib/python3.8/site-packages/airflow/example_dags/example_params_ui_tutorial.py
[2024-12-02T05:31:24.744+0000] {logging_mixin.py:188} INFO - [2024-12-02T05:31:24.744+0000] {override.py:1769} INFO - Created Permission View: can read on DAG:example_params_ui_tutorial
[2024-12-02T05:31:24.755+0000] {logging_mixin.py:188} INFO - [2024-12-02T05:31:24.755+0000] {override.py:1769} INFO - Created Permission View: can delete on DAG:example_params_ui_tutorial
[2024-12-02T05:31:24.766+0000] {logging_mixin.py:188} INFO - [2024-12-02T05:31:24.765+0000] {override.py:1769} INFO - Created Permission View: can edit on DAG:example_params_ui_tutorial
[2024-12-02T05:31:24.766+0000] {logging_mixin.py:188} INFO - [2024-12-02T05:31:24.766+0000] {dag.py:3033} INFO - Sync 1 DAGs
[2024-12-02T05:31:24.778+0000] {logging_mixin.py:188} INFO - [2024-12-02T05:31:24.777+0000] {dag.py:3055} INFO - Creating ORM DAG for example_params_ui_tutorial
[2024-12-02T05:31:24.779+0000] {logging_mixin.py:188} INFO - [2024-12-02T05:31:24.779+0000] {dag.py:3820} INFO - Setting next_dagrun for example_params_ui_tutorial to None, run_after=None
[2024-12-02T05:31:24.798+0000] {processor.py:183} INFO - Processing /home/airflow/.local/lib/python3.8/site-packages/airflow/example_dags/example_params_ui_tutorial.py took 0.205 seconds
[2024-12-02T05:31:55.764+0000] {processor.py:161} INFO - Started process (PID=102) to work on /home/airflow/.local/lib/python3.8/site-packages/airflow/example_dags/example_params_ui_tutorial.py
[2024-12-02T05:31:55.765+0000] {processor.py:830} INFO - Processing file /home/airflow/.local/lib/python3.8/site-packages/airflow/example_dags/example_params_ui_tutorial.py for tasks to queue
[2024-12-02T05:31:55.766+0000] {logging_mixin.py:188} INFO - [2024-12-02T05:31:55.766+0000] {dagbag.py:538} INFO - Filling up the DagBag from /home/airflow/.local/lib/python3.8/site-packages/airflow/example_dags/example_params_ui_tutorial.py
[2024-12-02T05:31:55.778+0000] {processor.py:840} INFO - DAG(s) 'example_params_ui_tutorial' retrieved from /home/airflow/.local/lib/python3.8/site-packages/airflow/example_dags/example_params_ui_tutorial.py
[2024-12-02T05:31:55.825+0000] {logging_mixin.py:188} INFO - [2024-12-02T05:31:55.825+0000] {dag.py:3033} INFO - Sync 1 DAGs
[2024-12-02T05:31:55.836+0000] {logging_mixin.py:188} INFO - [2024-12-02T05:31:55.836+0000] {dag.py:3820} INFO - Setting next_dagrun for example_params_ui_tutorial to None, run_after=None
[2024-12-02T05:31:55.855+0000] {processor.py:183} INFO - Processing /home/airflow/.local/lib/python3.8/site-packages/airflow/example_dags/example_params_ui_tutorial.py took 0.093 seconds
[2024-12-02T05:32:26.003+0000] {processor.py:161} INFO - Started process (PID=158) to work on /home/airflow/.local/lib/python3.8/site-packages/airflow/example_dags/example_params_ui_tutorial.py
[2024-12-02T05:32:26.003+0000] {processor.py:830} INFO - Processing file /home/airflow/.local/lib/python3.8/site-packages/airflow/example_dags/example_params_ui_tutorial.py for tasks to queue
[2024-12-02T05:32:26.006+0000] {logging_mixin.py:188} INFO - [2024-12-02T05:32:26.005+0000] {dagbag.py:538} INFO - Filling up the DagBag from /home/airflow/.local/lib/python3.8/site-packages/airflow/example_dags/example_params_ui_tutorial.py
[2024-12-02T05:32:26.017+0000] {processor.py:840} INFO - DAG(s) 'example_params_ui_tutorial' retrieved from /home/airflow/.local/lib/python3.8/site-packages/airflow/example_dags/example_params_ui_tutorial.py
[2024-12-02T05:32:26.067+0000] {logging_mixin.py:188} INFO - [2024-12-02T05:32:26.066+0000] {dag.py:3033} INFO - Sync 1 DAGs
[2024-12-02T05:32:26.077+0000] {logging_mixin.py:188} INFO - [2024-12-02T05:32:26.077+0000] {dag.py:3820} INFO - Setting next_dagrun for example_params_ui_tutorial to None, run_after=None
[2024-12-02T05:32:26.096+0000] {processor.py:183} INFO - Processing /home/airflow/.local/lib/python3.8/site-packages/airflow/example_dags/example_params_ui_tutorial.py took 0.096 seconds
