[2024-12-02T05:31:26.247+0000] {processor.py:161} INFO - Started process (PID=57) to work on /home/airflow/.local/lib/python3.8/site-packages/airflow/example_dags/example_short_circuit_operator.py
[2024-12-02T05:31:26.249+0000] {processor.py:830} INFO - Processing file /home/airflow/.local/lib/python3.8/site-packages/airflow/example_dags/example_short_circuit_operator.py for tasks to queue
[2024-12-02T05:31:26.253+0000] {logging_mixin.py:188} INFO - [2024-12-02T05:31:26.253+0000] {dagbag.py:538} INFO - Filling up the DagBag from /home/airflow/.local/lib/python3.8/site-packages/airflow/example_dags/example_short_circuit_operator.py
[2024-12-02T05:31:26.261+0000] {processor.py:840} INFO - DAG(s) 'example_short_circuit_operator' retrieved from /home/airflow/.local/lib/python3.8/site-packages/airflow/example_dags/example_short_circuit_operator.py
[2024-12-02T05:31:26.367+0000] {logging_mixin.py:188} INFO - [2024-12-02T05:31:26.366+0000] {override.py:1769} INFO - Created Permission View: can read on DAG:example_short_circuit_operator
[2024-12-02T05:31:26.381+0000] {logging_mixin.py:188} INFO - [2024-12-02T05:31:26.380+0000] {override.py:1769} INFO - Created Permission View: can delete on DAG:example_short_circuit_operator
[2024-12-02T05:31:26.388+0000] {logging_mixin.py:188} INFO - [2024-12-02T05:31:26.388+0000] {override.py:1769} INFO - Created Permission View: can edit on DAG:example_short_circuit_operator
[2024-12-02T05:31:26.389+0000] {logging_mixin.py:188} INFO - [2024-12-02T05:31:26.389+0000] {dag.py:3033} INFO - Sync 1 DAGs
[2024-12-02T05:31:26.402+0000] {logging_mixin.py:188} INFO - [2024-12-02T05:31:26.401+0000] {dag.py:3055} INFO - Creating ORM DAG for example_short_circuit_operator
[2024-12-02T05:31:26.412+0000] {logging_mixin.py:188} INFO - [2024-12-02T05:31:26.411+0000] {dag.py:3820} INFO - Setting next_dagrun for example_short_circuit_operator to 2024-12-01T00:00:00+00:00, run_after=2024-12-02T00:00:00+00:00
[2024-12-02T05:31:26.435+0000] {processor.py:183} INFO - Processing /home/airflow/.local/lib/python3.8/site-packages/airflow/example_dags/example_short_circuit_operator.py took 0.192 seconds
[2024-12-02T05:31:56.623+0000] {processor.py:161} INFO - Started process (PID=114) to work on /home/airflow/.local/lib/python3.8/site-packages/airflow/example_dags/example_short_circuit_operator.py
[2024-12-02T05:31:56.624+0000] {processor.py:830} INFO - Processing file /home/airflow/.local/lib/python3.8/site-packages/airflow/example_dags/example_short_circuit_operator.py for tasks to queue
[2024-12-02T05:31:56.626+0000] {logging_mixin.py:188} INFO - [2024-12-02T05:31:56.625+0000] {dagbag.py:538} INFO - Filling up the DagBag from /home/airflow/.local/lib/python3.8/site-packages/airflow/example_dags/example_short_circuit_operator.py
[2024-12-02T05:31:56.632+0000] {processor.py:840} INFO - DAG(s) 'example_short_circuit_operator' retrieved from /home/airflow/.local/lib/python3.8/site-packages/airflow/example_dags/example_short_circuit_operator.py
[2024-12-02T05:31:56.653+0000] {logging_mixin.py:188} INFO - [2024-12-02T05:31:56.653+0000] {dag.py:3033} INFO - Sync 1 DAGs
[2024-12-02T05:31:56.674+0000] {logging_mixin.py:188} INFO - [2024-12-02T05:31:56.673+0000] {dag.py:3820} INFO - Setting next_dagrun for example_short_circuit_operator to 2024-12-01T00:00:00+00:00, run_after=2024-12-02T00:00:00+00:00
[2024-12-02T05:31:56.691+0000] {processor.py:183} INFO - Processing /home/airflow/.local/lib/python3.8/site-packages/airflow/example_dags/example_short_circuit_operator.py took 0.071 seconds
[2024-12-02T05:32:26.833+0000] {processor.py:161} INFO - Started process (PID=171) to work on /home/airflow/.local/lib/python3.8/site-packages/airflow/example_dags/example_short_circuit_operator.py
[2024-12-02T05:32:26.834+0000] {processor.py:830} INFO - Processing file /home/airflow/.local/lib/python3.8/site-packages/airflow/example_dags/example_short_circuit_operator.py for tasks to queue
[2024-12-02T05:32:26.835+0000] {logging_mixin.py:188} INFO - [2024-12-02T05:32:26.835+0000] {dagbag.py:538} INFO - Filling up the DagBag from /home/airflow/.local/lib/python3.8/site-packages/airflow/example_dags/example_short_circuit_operator.py
[2024-12-02T05:32:26.840+0000] {processor.py:840} INFO - DAG(s) 'example_short_circuit_operator' retrieved from /home/airflow/.local/lib/python3.8/site-packages/airflow/example_dags/example_short_circuit_operator.py
[2024-12-02T05:32:26.859+0000] {logging_mixin.py:188} INFO - [2024-12-02T05:32:26.859+0000] {dag.py:3033} INFO - Sync 1 DAGs
[2024-12-02T05:32:26.880+0000] {logging_mixin.py:188} INFO - [2024-12-02T05:32:26.880+0000] {dag.py:3820} INFO - Setting next_dagrun for example_short_circuit_operator to 2024-12-01T00:00:00+00:00, run_after=2024-12-02T00:00:00+00:00
[2024-12-02T05:32:26.899+0000] {processor.py:183} INFO - Processing /home/airflow/.local/lib/python3.8/site-packages/airflow/example_dags/example_short_circuit_operator.py took 0.069 seconds
