[2024-12-02T05:31:28.142+0000] {processor.py:161} INFO - Started process (PID=71) to work on /home/airflow/.local/lib/python3.8/site-packages/airflow/example_dags/example_branch_datetime_operator.py
[2024-12-02T05:31:28.143+0000] {processor.py:830} INFO - Processing file /home/airflow/.local/lib/python3.8/site-packages/airflow/example_dags/example_branch_datetime_operator.py for tasks to queue
[2024-12-02T05:31:28.144+0000] {logging_mixin.py:188} INFO - [2024-12-02T05:31:28.144+0000] {dagbag.py:538} INFO - Filling up the DagBag from /home/airflow/.local/lib/python3.8/site-packages/airflow/example_dags/example_branch_datetime_operator.py
[2024-12-02T05:31:28.152+0000] {processor.py:840} INFO - DAG(s) 'example_branch_datetime_operator', 'example_branch_datetime_operator_2', 'example_branch_datetime_operator_3' retrieved from /home/airflow/.local/lib/python3.8/site-packages/airflow/example_dags/example_branch_datetime_operator.py
[2024-12-02T05:31:28.231+0000] {logging_mixin.py:188} INFO - [2024-12-02T05:31:28.230+0000] {override.py:1769} INFO - Created Permission View: can read on DAG:example_branch_datetime_operator
[2024-12-02T05:31:28.239+0000] {logging_mixin.py:188} INFO - [2024-12-02T05:31:28.239+0000] {override.py:1769} INFO - Created Permission View: can delete on DAG:example_branch_datetime_operator
[2024-12-02T05:31:28.246+0000] {logging_mixin.py:188} INFO - [2024-12-02T05:31:28.245+0000] {override.py:1769} INFO - Created Permission View: can edit on DAG:example_branch_datetime_operator
[2024-12-02T05:31:28.257+0000] {logging_mixin.py:188} INFO - [2024-12-02T05:31:28.257+0000] {override.py:1769} INFO - Created Permission View: can read on DAG:example_branch_datetime_operator_2
[2024-12-02T05:31:28.263+0000] {logging_mixin.py:188} INFO - [2024-12-02T05:31:28.263+0000] {override.py:1769} INFO - Created Permission View: can delete on DAG:example_branch_datetime_operator_2
[2024-12-02T05:31:28.268+0000] {logging_mixin.py:188} INFO - [2024-12-02T05:31:28.268+0000] {override.py:1769} INFO - Created Permission View: can edit on DAG:example_branch_datetime_operator_2
[2024-12-02T05:31:28.283+0000] {logging_mixin.py:188} INFO - [2024-12-02T05:31:28.283+0000] {override.py:1769} INFO - Created Permission View: can read on DAG:example_branch_datetime_operator_3
[2024-12-02T05:31:28.290+0000] {logging_mixin.py:188} INFO - [2024-12-02T05:31:28.290+0000] {override.py:1769} INFO - Created Permission View: can delete on DAG:example_branch_datetime_operator_3
[2024-12-02T05:31:28.296+0000] {logging_mixin.py:188} INFO - [2024-12-02T05:31:28.296+0000] {override.py:1769} INFO - Created Permission View: can edit on DAG:example_branch_datetime_operator_3
[2024-12-02T05:31:28.297+0000] {logging_mixin.py:188} INFO - [2024-12-02T05:31:28.297+0000] {dag.py:3033} INFO - Sync 3 DAGs
[2024-12-02T05:31:28.307+0000] {logging_mixin.py:188} INFO - [2024-12-02T05:31:28.307+0000] {dag.py:3055} INFO - Creating ORM DAG for example_branch_datetime_operator
[2024-12-02T05:31:28.308+0000] {logging_mixin.py:188} INFO - [2024-12-02T05:31:28.307+0000] {dag.py:3055} INFO - Creating ORM DAG for example_branch_datetime_operator_2
[2024-12-02T05:31:28.308+0000] {logging_mixin.py:188} INFO - [2024-12-02T05:31:28.308+0000] {dag.py:3055} INFO - Creating ORM DAG for example_branch_datetime_operator_3
[2024-12-02T05:31:28.318+0000] {logging_mixin.py:188} INFO - [2024-12-02T05:31:28.317+0000] {dag.py:3820} INFO - Setting next_dagrun for example_branch_datetime_operator to 2024-12-01T00:00:00+00:00, run_after=2024-12-02T00:00:00+00:00
[2024-12-02T05:31:28.320+0000] {logging_mixin.py:188} INFO - [2024-12-02T05:31:28.319+0000] {dag.py:3820} INFO - Setting next_dagrun for example_branch_datetime_operator_2 to 2024-12-01T00:00:00+00:00, run_after=2024-12-02T00:00:00+00:00
[2024-12-02T05:31:28.321+0000] {logging_mixin.py:188} INFO - [2024-12-02T05:31:28.321+0000] {dag.py:3820} INFO - Setting next_dagrun for example_branch_datetime_operator_3 to 2024-12-01T00:00:00+00:00, run_after=2024-12-02T00:00:00+00:00
[2024-12-02T05:31:28.338+0000] {processor.py:183} INFO - Processing /home/airflow/.local/lib/python3.8/site-packages/airflow/example_dags/example_branch_datetime_operator.py took 0.198 seconds
[2024-12-02T05:31:58.422+0000] {processor.py:161} INFO - Started process (PID=128) to work on /home/airflow/.local/lib/python3.8/site-packages/airflow/example_dags/example_branch_datetime_operator.py
[2024-12-02T05:31:58.423+0000] {processor.py:830} INFO - Processing file /home/airflow/.local/lib/python3.8/site-packages/airflow/example_dags/example_branch_datetime_operator.py for tasks to queue
[2024-12-02T05:31:58.425+0000] {logging_mixin.py:188} INFO - [2024-12-02T05:31:58.425+0000] {dagbag.py:538} INFO - Filling up the DagBag from /home/airflow/.local/lib/python3.8/site-packages/airflow/example_dags/example_branch_datetime_operator.py
[2024-12-02T05:31:58.435+0000] {processor.py:840} INFO - DAG(s) 'example_branch_datetime_operator_3', 'example_branch_datetime_operator', 'example_branch_datetime_operator_2' retrieved from /home/airflow/.local/lib/python3.8/site-packages/airflow/example_dags/example_branch_datetime_operator.py
[2024-12-02T05:31:58.464+0000] {logging_mixin.py:188} INFO - [2024-12-02T05:31:58.464+0000] {dag.py:3033} INFO - Sync 3 DAGs
[2024-12-02T05:31:58.490+0000] {logging_mixin.py:188} INFO - [2024-12-02T05:31:58.490+0000] {dag.py:3820} INFO - Setting next_dagrun for example_branch_datetime_operator to 2024-12-01T00:00:00+00:00, run_after=2024-12-02T00:00:00+00:00
[2024-12-02T05:31:58.495+0000] {logging_mixin.py:188} INFO - [2024-12-02T05:31:58.494+0000] {dag.py:3820} INFO - Setting next_dagrun for example_branch_datetime_operator_2 to 2024-12-01T00:00:00+00:00, run_after=2024-12-02T00:00:00+00:00
[2024-12-02T05:31:58.498+0000] {logging_mixin.py:188} INFO - [2024-12-02T05:31:58.498+0000] {dag.py:3820} INFO - Setting next_dagrun for example_branch_datetime_operator_3 to 2024-12-01T00:00:00+00:00, run_after=2024-12-02T00:00:00+00:00
[2024-12-02T05:31:58.518+0000] {processor.py:183} INFO - Processing /home/airflow/.local/lib/python3.8/site-packages/airflow/example_dags/example_branch_datetime_operator.py took 0.100 seconds
[2024-12-02T05:32:28.755+0000] {processor.py:161} INFO - Started process (PID=185) to work on /home/airflow/.local/lib/python3.8/site-packages/airflow/example_dags/example_branch_datetime_operator.py
[2024-12-02T05:32:28.756+0000] {processor.py:830} INFO - Processing file /home/airflow/.local/lib/python3.8/site-packages/airflow/example_dags/example_branch_datetime_operator.py for tasks to queue
[2024-12-02T05:32:28.758+0000] {logging_mixin.py:188} INFO - [2024-12-02T05:32:28.758+0000] {dagbag.py:538} INFO - Filling up the DagBag from /home/airflow/.local/lib/python3.8/site-packages/airflow/example_dags/example_branch_datetime_operator.py
[2024-12-02T05:32:28.768+0000] {processor.py:840} INFO - DAG(s) 'example_branch_datetime_operator_2', 'example_branch_datetime_operator', 'example_branch_datetime_operator_3' retrieved from /home/airflow/.local/lib/python3.8/site-packages/airflow/example_dags/example_branch_datetime_operator.py
[2024-12-02T05:32:28.801+0000] {logging_mixin.py:188} INFO - [2024-12-02T05:32:28.800+0000] {dag.py:3033} INFO - Sync 3 DAGs
[2024-12-02T05:32:28.825+0000] {logging_mixin.py:188} INFO - [2024-12-02T05:32:28.825+0000] {dag.py:3820} INFO - Setting next_dagrun for example_branch_datetime_operator to 2024-12-01T00:00:00+00:00, run_after=2024-12-02T00:00:00+00:00
[2024-12-02T05:32:28.831+0000] {logging_mixin.py:188} INFO - [2024-12-02T05:32:28.831+0000] {dag.py:3820} INFO - Setting next_dagrun for example_branch_datetime_operator_2 to 2024-12-01T00:00:00+00:00, run_after=2024-12-02T00:00:00+00:00
[2024-12-02T05:32:28.834+0000] {logging_mixin.py:188} INFO - [2024-12-02T05:32:28.834+0000] {dag.py:3820} INFO - Setting next_dagrun for example_branch_datetime_operator_3 to 2024-12-01T00:00:00+00:00, run_after=2024-12-02T00:00:00+00:00
[2024-12-02T05:32:28.853+0000] {processor.py:183} INFO - Processing /home/airflow/.local/lib/python3.8/site-packages/airflow/example_dags/example_branch_datetime_operator.py took 0.101 seconds
