[2024-12-02T05:31:28.899+0000] {processor.py:161} INFO - Started process (PID=77) to work on /home/airflow/.local/lib/python3.8/site-packages/airflow/example_dags/tutorial_dag.py
[2024-12-02T05:31:28.900+0000] {processor.py:830} INFO - Processing file /home/airflow/.local/lib/python3.8/site-packages/airflow/example_dags/tutorial_dag.py for tasks to queue
[2024-12-02T05:31:28.903+0000] {logging_mixin.py:188} INFO - [2024-12-02T05:31:28.902+0000] {dagbag.py:538} INFO - Filling up the DagBag from /home/airflow/.local/lib/python3.8/site-packages/airflow/example_dags/tutorial_dag.py
[2024-12-02T05:31:28.910+0000] {processor.py:840} INFO - DAG(s) 'tutorial_dag' retrieved from /home/airflow/.local/lib/python3.8/site-packages/airflow/example_dags/tutorial_dag.py
[2024-12-02T05:31:29.009+0000] {logging_mixin.py:188} INFO - [2024-12-02T05:31:29.008+0000] {override.py:1769} INFO - Created Permission View: can read on DAG:tutorial_dag
[2024-12-02T05:31:29.019+0000] {logging_mixin.py:188} INFO - [2024-12-02T05:31:29.018+0000] {override.py:1769} INFO - Created Permission View: can delete on DAG:tutorial_dag
[2024-12-02T05:31:29.025+0000] {logging_mixin.py:188} INFO - [2024-12-02T05:31:29.025+0000] {override.py:1769} INFO - Created Permission View: can edit on DAG:tutorial_dag
[2024-12-02T05:31:29.026+0000] {logging_mixin.py:188} INFO - [2024-12-02T05:31:29.026+0000] {dag.py:3033} INFO - Sync 1 DAGs
[2024-12-02T05:31:29.035+0000] {logging_mixin.py:188} INFO - [2024-12-02T05:31:29.035+0000] {dag.py:3055} INFO - Creating ORM DAG for tutorial_dag
[2024-12-02T05:31:29.036+0000] {logging_mixin.py:188} INFO - [2024-12-02T05:31:29.036+0000] {dag.py:3820} INFO - Setting next_dagrun for tutorial_dag to None, run_after=None
[2024-12-02T05:31:29.050+0000] {processor.py:183} INFO - Processing /home/airflow/.local/lib/python3.8/site-packages/airflow/example_dags/tutorial_dag.py took 0.154 seconds
[2024-12-02T05:31:59.694+0000] {processor.py:161} INFO - Started process (PID=134) to work on /home/airflow/.local/lib/python3.8/site-packages/airflow/example_dags/tutorial_dag.py
[2024-12-02T05:31:59.695+0000] {processor.py:830} INFO - Processing file /home/airflow/.local/lib/python3.8/site-packages/airflow/example_dags/tutorial_dag.py for tasks to queue
[2024-12-02T05:31:59.697+0000] {logging_mixin.py:188} INFO - [2024-12-02T05:31:59.697+0000] {dagbag.py:538} INFO - Filling up the DagBag from /home/airflow/.local/lib/python3.8/site-packages/airflow/example_dags/tutorial_dag.py
[2024-12-02T05:31:59.701+0000] {processor.py:840} INFO - DAG(s) 'tutorial_dag' retrieved from /home/airflow/.local/lib/python3.8/site-packages/airflow/example_dags/tutorial_dag.py
[2024-12-02T05:31:59.719+0000] {logging_mixin.py:188} INFO - [2024-12-02T05:31:59.719+0000] {dag.py:3033} INFO - Sync 1 DAGs
[2024-12-02T05:31:59.730+0000] {logging_mixin.py:188} INFO - [2024-12-02T05:31:59.729+0000] {dag.py:3820} INFO - Setting next_dagrun for tutorial_dag to None, run_after=None
[2024-12-02T05:31:59.747+0000] {processor.py:183} INFO - Processing /home/airflow/.local/lib/python3.8/site-packages/airflow/example_dags/tutorial_dag.py took 0.056 seconds
[2024-12-02T05:32:30.043+0000] {processor.py:161} INFO - Started process (PID=191) to work on /home/airflow/.local/lib/python3.8/site-packages/airflow/example_dags/tutorial_dag.py
[2024-12-02T05:32:30.044+0000] {processor.py:830} INFO - Processing file /home/airflow/.local/lib/python3.8/site-packages/airflow/example_dags/tutorial_dag.py for tasks to queue
[2024-12-02T05:32:30.046+0000] {logging_mixin.py:188} INFO - [2024-12-02T05:32:30.046+0000] {dagbag.py:538} INFO - Filling up the DagBag from /home/airflow/.local/lib/python3.8/site-packages/airflow/example_dags/tutorial_dag.py
[2024-12-02T05:32:30.051+0000] {processor.py:840} INFO - DAG(s) 'tutorial_dag' retrieved from /home/airflow/.local/lib/python3.8/site-packages/airflow/example_dags/tutorial_dag.py
[2024-12-02T05:32:30.076+0000] {logging_mixin.py:188} INFO - [2024-12-02T05:32:30.075+0000] {dag.py:3033} INFO - Sync 1 DAGs
[2024-12-02T05:32:30.097+0000] {logging_mixin.py:188} INFO - [2024-12-02T05:32:30.097+0000] {dag.py:3820} INFO - Setting next_dagrun for tutorial_dag to None, run_after=None
[2024-12-02T05:32:30.126+0000] {processor.py:183} INFO - Processing /home/airflow/.local/lib/python3.8/site-packages/airflow/example_dags/tutorial_dag.py took 0.087 seconds
