[2024-12-02T05:31:29.273+0000] {processor.py:161} INFO - Started process (PID=81) to work on /home/airflow/.local/lib/python3.8/site-packages/airflow/example_dags/tutorial.py
[2024-12-02T05:31:29.274+0000] {processor.py:830} INFO - Processing file /home/airflow/.local/lib/python3.8/site-packages/airflow/example_dags/tutorial.py for tasks to queue
[2024-12-02T05:31:29.276+0000] {logging_mixin.py:188} INFO - [2024-12-02T05:31:29.276+0000] {dagbag.py:538} INFO - Filling up the DagBag from /home/airflow/.local/lib/python3.8/site-packages/airflow/example_dags/tutorial.py
[2024-12-02T05:31:29.284+0000] {processor.py:840} INFO - DAG(s) 'tutorial' retrieved from /home/airflow/.local/lib/python3.8/site-packages/airflow/example_dags/tutorial.py
[2024-12-02T05:31:29.374+0000] {logging_mixin.py:188} INFO - [2024-12-02T05:31:29.373+0000] {override.py:1769} INFO - Created Permission View: can read on DAG:tutorial
[2024-12-02T05:31:29.384+0000] {logging_mixin.py:188} INFO - [2024-12-02T05:31:29.384+0000] {override.py:1769} INFO - Created Permission View: can delete on DAG:tutorial
[2024-12-02T05:31:29.391+0000] {logging_mixin.py:188} INFO - [2024-12-02T05:31:29.391+0000] {override.py:1769} INFO - Created Permission View: can edit on DAG:tutorial
[2024-12-02T05:31:29.392+0000] {logging_mixin.py:188} INFO - [2024-12-02T05:31:29.392+0000] {dag.py:3033} INFO - Sync 1 DAGs
[2024-12-02T05:31:29.401+0000] {logging_mixin.py:188} INFO - [2024-12-02T05:31:29.401+0000] {dag.py:3055} INFO - Creating ORM DAG for tutorial
[2024-12-02T05:31:29.410+0000] {logging_mixin.py:188} INFO - [2024-12-02T05:31:29.410+0000] {dag.py:3820} INFO - Setting next_dagrun for tutorial to 2024-12-01T00:00:00+00:00, run_after=2024-12-02T00:00:00+00:00
[2024-12-02T05:31:29.429+0000] {processor.py:183} INFO - Processing /home/airflow/.local/lib/python3.8/site-packages/airflow/example_dags/tutorial.py took 0.159 seconds
[2024-12-02T05:31:59.854+0000] {processor.py:161} INFO - Started process (PID=138) to work on /home/airflow/.local/lib/python3.8/site-packages/airflow/example_dags/tutorial.py
[2024-12-02T05:31:59.855+0000] {processor.py:830} INFO - Processing file /home/airflow/.local/lib/python3.8/site-packages/airflow/example_dags/tutorial.py for tasks to queue
[2024-12-02T05:31:59.857+0000] {logging_mixin.py:188} INFO - [2024-12-02T05:31:59.857+0000] {dagbag.py:538} INFO - Filling up the DagBag from /home/airflow/.local/lib/python3.8/site-packages/airflow/example_dags/tutorial.py
[2024-12-02T05:31:59.862+0000] {processor.py:840} INFO - DAG(s) 'tutorial' retrieved from /home/airflow/.local/lib/python3.8/site-packages/airflow/example_dags/tutorial.py
[2024-12-02T05:31:59.880+0000] {logging_mixin.py:188} INFO - [2024-12-02T05:31:59.880+0000] {dag.py:3033} INFO - Sync 1 DAGs
[2024-12-02T05:31:59.898+0000] {logging_mixin.py:188} INFO - [2024-12-02T05:31:59.898+0000] {dag.py:3820} INFO - Setting next_dagrun for tutorial to 2024-12-01T00:00:00+00:00, run_after=2024-12-02T00:00:00+00:00
[2024-12-02T05:31:59.916+0000] {processor.py:183} INFO - Processing /home/airflow/.local/lib/python3.8/site-packages/airflow/example_dags/tutorial.py took 0.064 seconds
[2024-12-02T05:32:30.271+0000] {processor.py:161} INFO - Started process (PID=195) to work on /home/airflow/.local/lib/python3.8/site-packages/airflow/example_dags/tutorial.py
[2024-12-02T05:32:30.272+0000] {processor.py:830} INFO - Processing file /home/airflow/.local/lib/python3.8/site-packages/airflow/example_dags/tutorial.py for tasks to queue
[2024-12-02T05:32:30.274+0000] {logging_mixin.py:188} INFO - [2024-12-02T05:32:30.273+0000] {dagbag.py:538} INFO - Filling up the DagBag from /home/airflow/.local/lib/python3.8/site-packages/airflow/example_dags/tutorial.py
[2024-12-02T05:32:30.281+0000] {processor.py:840} INFO - DAG(s) 'tutorial' retrieved from /home/airflow/.local/lib/python3.8/site-packages/airflow/example_dags/tutorial.py
[2024-12-02T05:32:30.303+0000] {logging_mixin.py:188} INFO - [2024-12-02T05:32:30.303+0000] {dag.py:3033} INFO - Sync 1 DAGs
[2024-12-02T05:32:30.324+0000] {logging_mixin.py:188} INFO - [2024-12-02T05:32:30.324+0000] {dag.py:3820} INFO - Setting next_dagrun for tutorial to 2024-12-01T00:00:00+00:00, run_after=2024-12-02T00:00:00+00:00
[2024-12-02T05:32:30.350+0000] {processor.py:183} INFO - Processing /home/airflow/.local/lib/python3.8/site-packages/airflow/example_dags/tutorial.py took 0.082 seconds
