[2024-12-02T05:31:27.187+0000] {processor.py:161} INFO - Started process (PID=64) to work on /home/airflow/.local/lib/python3.8/site-packages/airflow/example_dags/tutorial_objectstorage.py
[2024-12-02T05:31:27.188+0000] {processor.py:830} INFO - Processing file /home/airflow/.local/lib/python3.8/site-packages/airflow/example_dags/tutorial_objectstorage.py for tasks to queue
[2024-12-02T05:31:27.190+0000] {logging_mixin.py:188} INFO - [2024-12-02T05:31:27.190+0000] {dagbag.py:538} INFO - Filling up the DagBag from /home/airflow/.local/lib/python3.8/site-packages/airflow/example_dags/tutorial_objectstorage.py
[2024-12-02T05:31:27.197+0000] {processor.py:840} INFO - DAG(s) 'tutorial_objectstorage' retrieved from /home/airflow/.local/lib/python3.8/site-packages/airflow/example_dags/tutorial_objectstorage.py
[2024-12-02T05:31:27.282+0000] {logging_mixin.py:188} INFO - [2024-12-02T05:31:27.280+0000] {override.py:1769} INFO - Created Permission View: can read on DAG:tutorial_objectstorage
[2024-12-02T05:31:27.294+0000] {logging_mixin.py:188} INFO - [2024-12-02T05:31:27.293+0000] {override.py:1769} INFO - Created Permission View: can delete on DAG:tutorial_objectstorage
[2024-12-02T05:31:27.301+0000] {logging_mixin.py:188} INFO - [2024-12-02T05:31:27.300+0000] {override.py:1769} INFO - Created Permission View: can edit on DAG:tutorial_objectstorage
[2024-12-02T05:31:27.302+0000] {logging_mixin.py:188} INFO - [2024-12-02T05:31:27.302+0000] {dag.py:3033} INFO - Sync 1 DAGs
[2024-12-02T05:31:27.313+0000] {logging_mixin.py:188} INFO - [2024-12-02T05:31:27.312+0000] {dag.py:3055} INFO - Creating ORM DAG for tutorial_objectstorage
[2024-12-02T05:31:27.313+0000] {logging_mixin.py:188} INFO - [2024-12-02T05:31:27.313+0000] {dag.py:3820} INFO - Setting next_dagrun for tutorial_objectstorage to None, run_after=None
[2024-12-02T05:31:27.331+0000] {processor.py:183} INFO - Processing /home/airflow/.local/lib/python3.8/site-packages/airflow/example_dags/tutorial_objectstorage.py took 0.146 seconds
[2024-12-02T05:31:57.975+0000] {processor.py:161} INFO - Started process (PID=121) to work on /home/airflow/.local/lib/python3.8/site-packages/airflow/example_dags/tutorial_objectstorage.py
[2024-12-02T05:31:57.975+0000] {processor.py:830} INFO - Processing file /home/airflow/.local/lib/python3.8/site-packages/airflow/example_dags/tutorial_objectstorage.py for tasks to queue
[2024-12-02T05:31:57.977+0000] {logging_mixin.py:188} INFO - [2024-12-02T05:31:57.977+0000] {dagbag.py:538} INFO - Filling up the DagBag from /home/airflow/.local/lib/python3.8/site-packages/airflow/example_dags/tutorial_objectstorage.py
[2024-12-02T05:31:57.982+0000] {processor.py:840} INFO - DAG(s) 'tutorial_objectstorage' retrieved from /home/airflow/.local/lib/python3.8/site-packages/airflow/example_dags/tutorial_objectstorage.py
[2024-12-02T05:31:58.006+0000] {logging_mixin.py:188} INFO - [2024-12-02T05:31:58.005+0000] {dag.py:3033} INFO - Sync 1 DAGs
[2024-12-02T05:31:58.018+0000] {logging_mixin.py:188} INFO - [2024-12-02T05:31:58.018+0000] {dag.py:3820} INFO - Setting next_dagrun for tutorial_objectstorage to None, run_after=None
[2024-12-02T05:31:58.041+0000] {processor.py:183} INFO - Processing /home/airflow/.local/lib/python3.8/site-packages/airflow/example_dags/tutorial_objectstorage.py took 0.070 seconds
[2024-12-02T05:32:28.233+0000] {processor.py:161} INFO - Started process (PID=178) to work on /home/airflow/.local/lib/python3.8/site-packages/airflow/example_dags/tutorial_objectstorage.py
[2024-12-02T05:32:28.234+0000] {processor.py:830} INFO - Processing file /home/airflow/.local/lib/python3.8/site-packages/airflow/example_dags/tutorial_objectstorage.py for tasks to queue
[2024-12-02T05:32:28.236+0000] {logging_mixin.py:188} INFO - [2024-12-02T05:32:28.236+0000] {dagbag.py:538} INFO - Filling up the DagBag from /home/airflow/.local/lib/python3.8/site-packages/airflow/example_dags/tutorial_objectstorage.py
[2024-12-02T05:32:28.242+0000] {processor.py:840} INFO - DAG(s) 'tutorial_objectstorage' retrieved from /home/airflow/.local/lib/python3.8/site-packages/airflow/example_dags/tutorial_objectstorage.py
[2024-12-02T05:32:28.264+0000] {logging_mixin.py:188} INFO - [2024-12-02T05:32:28.263+0000] {dag.py:3033} INFO - Sync 1 DAGs
[2024-12-02T05:32:28.277+0000] {logging_mixin.py:188} INFO - [2024-12-02T05:32:28.276+0000] {dag.py:3820} INFO - Setting next_dagrun for tutorial_objectstorage to None, run_after=None
[2024-12-02T05:32:28.299+0000] {processor.py:183} INFO - Processing /home/airflow/.local/lib/python3.8/site-packages/airflow/example_dags/tutorial_objectstorage.py took 0.069 seconds
